#
# A fatal error has been detected by the Java Runtime Environment:
#
#  SIGSEGV (0xb) at pc=0x00007fad65a897de, pid=16979, tid=140382484440832
#
# JRE version: Java(TM) SE Runtime Environment (7.0_79-b15) (build 1.7.0_79-b15)
# Java VM: Java HotSpot(TM) 64-Bit Server VM (24.79-b02 mixed mode linux-amd64 compressed oops)
# Problematic frame:
# V  [libjvm.so+0x6a87de]  JNIHandles::checked_resolve_jmethod_id(_jmethodID*)+0xe
#
# Failed to write core dump. Core dumps have been disabled. To enable core dumping, try "ulimit -c unlimited" before starting Java again
#
# If you would like to submit a bug report, please visit:
#   http://bugreport.java.com/bugreport/crash.jsp
#

---------------  T H R E A D  ---------------

Current thread (0x00007fad600b1800):  JavaThread "JDWP Transport Listener: dt_socket" daemon [_thread_in_vm, id=17006, stack(0x00007fad580e2000,0x00007fad581e3000)]

siginfo:si_signo=SIGSEGV: si_errno=0, si_code=1 (SEGV_MAPERR), si_addr=0x000000000000086d

Registers:
RAX=0x0000000000000001, RBX=0x00007fad60003b30, RCX=0x00007fad66c55320, RDX=0x00007fad66230900
RSP=0x00007fad581e1690, RBP=0x00007fad581e16a0, RSI=0x00007fad600b1800, RDI=0x000000000000086d
R8 =0x0000000000000000, R9 =0x00007fad14008020, R10=0x0000000000000010, R11=0x00007fad663e35d0
R12=0x0000000000000017, R13=0x000000000000086d, R14=0x00007fad600b1800, R15=0x00007fad581e17a7
RIP=0x00007fad65a897de, EFLAGS=0x0000000000010202, CSGSFS=0xffff000000000033, ERR=0x0000000000000004
  TRAPNO=0x000000000000000e

Top of Stack: (sp=0x00007fad581e1690)
0x00007fad581e1690:   0000000000000074 00007fad60003b30
0x00007fad581e16a0:   00007fad581e1710 00007fad65a7ac0e
0x00007fad581e16b0:   0000000000000073 00007fad581e16c0
0x00007fad581e16c0:   00007fad600b1800 0000000000000000
0x00007fad581e16d0:   00007fad00000000 0000000000000000
0x00007fad581e16e0:   00007fad581e1700 00007fad64a99120
0x00007fad581e16f0:   000000000000086d 00007fad581e17a7
0x00007fad581e1700:   0000000000000001 00007fad581e17a7
0x00007fad581e1710:   00007fad581e1740 00007fad64884472
0x00007fad581e1720:   00007fad581e1740 000000000000086d
0x00007fad581e1730:   00007fad581e1810 0000000000000008
0x00007fad581e1740:   00007fad581e17d0 00007fad64865a60
0x00007fad581e1750:   00007fad581e1788 00007fad581e1780
0x00007fad581e1760:   00007fad581e1778 00007fad581e179c
0x00007fad581e1770:   00000001140035e0 0000000000000000
0x00007fad581e1780:   0000000000000000 0000000000000000
0x00007fad581e1790:   00007fad14006de0 00000009581e1810
0x00007fad581e17a0:   0000000000000003 0000000000000002
0x00007fad581e17b0:   000000000000000f 0000000000000002
0x00007fad581e17c0:   00000000000f0200 000000000000000f
0x00007fad581e17d0:   00007fad581e1a20 00007fad64870976
0x00007fad581e17e0:   00005e8b00000013 00007fad650f0200
0x00007fad581e17f0:   00007fad0c000ba0 00007fad600b1800
0x00007fad581e1800:   00007fad581e1810 00007fad581e19a0
0x00007fad581e1810:   00007fad581e1896 00007fad000000f6
0x00007fad581e1820:   00007fad581e1828 0000000000000036
0x00007fad581e1830:   00007fad581e1860 0000000000000000
0x00007fad581e1840:   0000000000000000 00005e8b00000030
0x00007fad581e1850:   00007fad00001880 00007fad581e1860
0x00007fad581e1860:   ad7f000003000000 0400000078dc0860
0x00007fad581e1870:   160000006e69616d 2f6176616a4c5b28
0x00007fad581e1880:   7274532f676e616c 000056293b676e69 

Instructions: (pc=0x00007fad65a897de)
0x00007fad65a897be:   20 00 e9 52 ff ff ff 90 90 90 90 90 90 90 90 90
0x00007fad65a897ce:   90 90 55 48 89 e5 53 48 83 ec 08 48 85 ff 74 3c
0x00007fad65a897de:   48 8b 1f 48 85 db 74 34 48 b8 fe fe fe fe fe fe
0x00007fad65a897ee:   fe fe 48 39 c3 74 25 48 8b 05 1c 37 76 00 80 38 

Register to memory mapping:

RAX=0x0000000000000001 is an unknown value
RBX=0x00007fad60003b30 is an unknown value
RCX=0x00007fad66c55320: <offset 0x219320> in /lib/x86_64-linux-gnu/libpthread.so.0 at 0x00007fad66a3c000
RDX=0x00007fad66230900: <offset 0xe4f900> in /opt/jdk1.7.0_79/jre/lib/amd64/server/libjvm.so at 0x00007fad653e1000
RSP=0x00007fad581e1690 is pointing into the stack for thread: 0x00007fad600b1800
RBP=0x00007fad581e16a0 is pointing into the stack for thread: 0x00007fad600b1800
RSI=0x00007fad600b1800 is a thread
RDI=0x000000000000086d is an unknown value
R8 =0x0000000000000000 is an unknown value
R9 =0x00007fad14008020 is an unknown value
R10=0x0000000000000010 is an unknown value
R11=0x00007fad663e35d0: <offset 0x1885d0> in /lib/x86_64-linux-gnu/libc.so.6 at 0x00007fad6625b000
R12=0x0000000000000017 is an unknown value
R13=0x000000000000086d is an unknown value
R14=0x00007fad600b1800 is a thread
R15=0x00007fad581e17a7 is pointing into the stack for thread: 0x00007fad600b1800


Stack: [0x00007fad580e2000,0x00007fad581e3000],  sp=0x00007fad581e1690,  free space=1021k
Native frames: (J=compiled Java code, j=interpreted, Vv=VM code, C=native code)
V  [libjvm.so+0x6a87de]  JNIHandles::checked_resolve_jmethod_id(_jmethodID*)+0xe
V  [libjvm.so+0x699c0e]  jvmti_IsMethodSynthetic+0x23e
C  [libjdwp.so+0x25472]  isMethodSynthetic+0x42
C  [libjdwp.so+0x6a60]  methods1+0x1b0
C  [libjdwp.so+0x11976]  debugLoop_run+0x2b6
C  [libjdwp.so+0x243af]  attachThread+0x2f
V  [libjvm.so+0x6fe447]  JvmtiAgentThread::call_start_function()+0x97
V  [libjvm.so+0x95c11f]  JavaThread::thread_main_inner()+0xdf
V  [libjvm.so+0x95c225]  JavaThread::run()+0xf5
V  [libjvm.so+0x821ca8]  java_start(Thread*)+0x108


---------------  P R O C E S S  ---------------

Java Threads: ( => current thread )
  0x00007fad600bc800 JavaThread "Service Thread" daemon [_thread_blocked, id=17018, stack(0x00007fad43afb000,0x00007fad43bfc000)]
  0x00007fad600ba800 JavaThread "C2 CompilerThread1" daemon [_thread_blocked, id=17017, stack(0x00007fad43bfc000,0x00007fad43cfd000)]
  0x00007fad600b7800 JavaThread "C2 CompilerThread0" daemon [_thread_blocked, id=17016, stack(0x00007fad43cfd000,0x00007fad43dfe000)]
  0x00007fad14001000 JavaThread "JDWP Command Reader" daemon [_thread_in_native, id=17009, stack(0x00007fad43dfe000,0x00007fad43eff000)]
  0x00007fad600b5000 JavaThread "JDWP Event Helper Thread" daemon [_thread_blocked, id=17008, stack(0x00007fad43eff000,0x00007fad44000000)]
=>0x00007fad600b1800 JavaThread "JDWP Transport Listener: dt_socket" daemon [_thread_in_vm, id=17006, stack(0x00007fad580e2000,0x00007fad581e3000)]
  0x00007fad600a4000 JavaThread "Signal Dispatcher" daemon [_thread_blocked, id=17005, stack(0x00007fad585f3000,0x00007fad586f4000)]
  0x00007fad6007c800 JavaThread "Finalizer" daemon [_thread_blocked, id=17001, stack(0x00007fad586f4000,0x00007fad587f5000)]
  0x00007fad6007a800 JavaThread "Reference Handler" daemon [_thread_blocked, id=17000, stack(0x00007fad587f5000,0x00007fad588f6000)]
  0x00007fad6000e000 JavaThread "main" [_thread_blocked, id=16980, stack(0x00007fad66d59000,0x00007fad66e5a000)]

Other Threads:
  0x00007fad60076000 VMThread [stack: 0x00007fad588f6000,0x00007fad589f7000] [id=16999]
  0x00007fad600cf800 WatcherThread [stack: 0x00007fad439fa000,0x00007fad43afb000] [id=17019]

VM state:not at safepoint (normal execution)

VM Mutex/Monitor currently owned by a thread: None

Heap
 PSYoungGen      total 75264K, used 9154K [0x00000007acb00000, 0x00000007b1e80000, 0x0000000800000000)
  eden space 65024K, 14% used [0x00000007acb00000,0x00000007ad3f0a00,0x00000007b0a80000)
  from space 10240K, 0% used [0x00000007b1480000,0x00000007b1480000,0x00000007b1e80000)
  to   space 10240K, 0% used [0x00000007b0a80000,0x00000007b0a80000,0x00000007b1480000)
 ParOldGen       total 170496K, used 0K [0x0000000706200000, 0x0000000710880000, 0x00000007acb00000)
  object space 170496K, 0% used [0x0000000706200000,0x0000000706200000,0x0000000710880000)
 PSPermGen       total 21504K, used 4614K [0x0000000701000000, 0x0000000702500000, 0x0000000706200000)
  object space 21504K, 21% used [0x0000000701000000,0x0000000701481af8,0x0000000702500000)

Card table byte_map: [0x00007fad5bcf0000,0x00007fad5c4e9000] byte_map_base: 0x00007fad584e8000

Polling page: 0x00007fad66e79000

Code Cache  [0x00007fad5c4e9000, 0x00007fad5c759000, 0x00007fad5f4e9000)
 total_blobs=236 nmethods=44 adapters=154 free_code_cache=48638Kb largest_free_block=49768128

Compilation events (10 events):
Event: 2,449 Thread 0x00007fad600ba800   40             org.jsoup.nodes.Entities::escape (455 bytes)
Event: 2,449 Thread 0x00007fad600b7800   41             java.lang.Character::isHighSurrogate (18 bytes)
Event: 2,450 Thread 0x00007fad600b7800 nmethod 41 0x00007fad5c560890 code [0x00007fad5c5609c0, 0x00007fad5c560a18]
Event: 2,450 Thread 0x00007fad600b7800   42             java.lang.String::codePointAt (36 bytes)
Event: 2,451 Thread 0x00007fad600b7800 nmethod 42 0x00007fad5c55e550 code [0x00007fad5c55e6c0, 0x00007fad5c55e898]
Event: 2,451 Thread 0x00007fad600b7800   43             java.lang.Character::codePointAtImpl (41 bytes)
Event: 2,452 Thread 0x00007fad600b7800 nmethod 43 0x00007fad5c55e0d0 code [0x00007fad5c55e240, 0x00007fad5c55e3b8]
Event: 2,452 Thread 0x00007fad600b7800   44             java.lang.Character::charCount (12 bytes)
Event: 2,453 Thread 0x00007fad600b7800 nmethod 44 0x00007fad5c55ded0 code [0x00007fad5c55e000, 0x00007fad5c55e058]
Event: 2,492 Thread 0x00007fad600ba800 nmethod 40 0x00007fad5c56b590 code [0x00007fad5c56bbc0, 0x00007fad5c56eca0]

GC Heap History (0 events):
No events

Deoptimization events (4 events):
Event: 0,331 Thread 0x00007fad6000e000 Uncommon trap: reason=class_check action=maybe_recompile pc=0x00007fad5c550d48 method=java.util.Properties$LineReader.readLine()I @ 62
Event: 0,331 Thread 0x00007fad6000e000 Uncommon trap: reason=class_check action=maybe_recompile pc=0x00007fad5c550d48 method=java.util.Properties$LineReader.readLine()I @ 62
Event: 0,332 Thread 0x00007fad6000e000 Uncommon trap: reason=class_check action=maybe_recompile pc=0x00007fad5c550d48 method=java.util.Properties$LineReader.readLine()I @ 62
Event: 0,334 Thread 0x00007fad6000e000 Uncommon trap: reason=class_check action=maybe_recompile pc=0x00007fad5c550d48 method=java.util.Properties$LineReader.readLine()I @ 62

Internal exceptions (10 events):
Event: 0,426 Thread 0x00007fad6000e000 Threw 0x00000007ad2ffb20 at /HUDSON/workspace/7u-2-build-linux-amd64/jdk7u79/2331/hotspot/src/share/vm/prims/jvm.cpp:1304
Event: 0,427 Thread 0x00007fad6000e000 Threw 0x00000007ad3041b8 at /HUDSON/workspace/7u-2-build-linux-amd64/jdk7u79/2331/hotspot/src/share/vm/prims/jvm.cpp:1304
Event: 0,427 Thread 0x00007fad6000e000 Threw 0x00000007ad308a78 at /HUDSON/workspace/7u-2-build-linux-amd64/jdk7u79/2331/hotspot/src/share/vm/prims/jvm.cpp:1304
Event: 0,429 Thread 0x00007fad6000e000 Threw 0x00000007ad30d908 at /HUDSON/workspace/7u-2-build-linux-amd64/jdk7u79/2331/hotspot/src/share/vm/prims/jvm.cpp:1304
Event: 0,429 Thread 0x00007fad6000e000 Threw 0x00000007ad314cb0 at /HUDSON/workspace/7u-2-build-linux-amd64/jdk7u79/2331/hotspot/src/share/vm/prims/jvm.cpp:1304
Event: 0,430 Thread 0x00007fad6000e000 Threw 0x00000007ad3184a8 at /HUDSON/workspace/7u-2-build-linux-amd64/jdk7u79/2331/hotspot/src/share/vm/prims/jvm.cpp:1304
Event: 0,430 Thread 0x00007fad6000e000 Threw 0x00000007ad31c4d8 at /HUDSON/workspace/7u-2-build-linux-amd64/jdk7u79/2331/hotspot/src/share/vm/prims/jvm.cpp:1304
Event: 0,555 Thread 0x00007fad6000e000 Threw 0x00000007ad327eb0 at /HUDSON/workspace/7u-2-build-linux-amd64/jdk7u79/2331/hotspot/src/share/vm/prims/jvm.cpp:1304
Event: 0,555 Thread 0x00007fad6000e000 Threw 0x00000007ad32cce0 at /HUDSON/workspace/7u-2-build-linux-amd64/jdk7u79/2331/hotspot/src/share/vm/prims/jvm.cpp:1304
Event: 0,556 Thread 0x00007fad6000e000 Threw 0x00000007ad331338 at /HUDSON/workspace/7u-2-build-linux-amd64/jdk7u79/2331/hotspot/src/share/vm/prims/jvm.cpp:1304

Events (10 events):
Event: 165,817 Executing VM operation: ChangeBreakpoints
Event: 165,817 Executing VM operation: ChangeBreakpoints done
Event: 165,818 Executing VM operation: ChangeBreakpoints
Event: 165,818 Executing VM operation: ChangeBreakpoints done
Event: 346,303 Executing VM operation: ChangeBreakpoints
Event: 346,303 Executing VM operation: ChangeBreakpoints done
Event: 407,575 Executing VM operation: ChangeBreakpoints
Event: 407,575 Executing VM operation: ChangeBreakpoints done
Event: 461,849 Executing VM operation: RedefineClasses
Event: 461,850 Executing VM operation: RedefineClasses done


Dynamic libraries:
00400000-00401000 r-xp 00000000 fc:01 1448538                            /opt/jdk1.7.0_79/bin/java
00600000-00601000 rw-p 00000000 fc:01 1448538                            /opt/jdk1.7.0_79/bin/java
02358000-02379000 rw-p 00000000 00:00 0                                  [heap]
701000000-702500000 rw-p 00000000 00:00 0 
702500000-706200000 rw-p 00000000 00:00 0 
706200000-710880000 rw-p 00000000 00:00 0 
710880000-7acb00000 rw-p 00000000 00:00 0 
7acb00000-7b1e80000 rw-p 00000000 00:00 0 
7b1e80000-800000000 rw-p 00000000 00:00 0 
7facf8000000-7facf8021000 rw-p 00000000 00:00 0 
7facf8021000-7facfc000000 ---p 00000000 00:00 0 
7facfc000000-7facfc021000 rw-p 00000000 00:00 0 
7facfc021000-7fad00000000 ---p 00000000 00:00 0 
7fad00000000-7fad00233000 rw-p 00000000 00:00 0 
7fad00233000-7fad04000000 ---p 00000000 00:00 0 
7fad04000000-7fad0442d000 rw-p 00000000 00:00 0 
7fad0442d000-7fad08000000 ---p 00000000 00:00 0 
7fad08000000-7fad08021000 rw-p 00000000 00:00 0 
7fad08021000-7fad0c000000 ---p 00000000 00:00 0 
7fad0c000000-7fad0c021000 rw-p 00000000 00:00 0 
7fad0c021000-7fad10000000 ---p 00000000 00:00 0 
7fad10000000-7fad10021000 rw-p 00000000 00:00 0 
7fad10021000-7fad14000000 ---p 00000000 00:00 0 
7fad14000000-7fad14021000 rw-p 00000000 00:00 0 
7fad14021000-7fad18000000 ---p 00000000 00:00 0 
7fad18000000-7fad18021000 rw-p 00000000 00:00 0 
7fad18021000-7fad1c000000 ---p 00000000 00:00 0 
7fad1c000000-7fad1c021000 rw-p 00000000 00:00 0 
7fad1c021000-7fad20000000 ---p 00000000 00:00 0 
7fad20000000-7fad20021000 rw-p 00000000 00:00 0 
7fad20021000-7fad24000000 ---p 00000000 00:00 0 
7fad24080000-7fad2c000000 rw-p 00000000 00:00 0 
7fad2c000000-7fad2c021000 rw-p 00000000 00:00 0 
7fad2c021000-7fad30000000 ---p 00000000 00:00 0 
7fad34000000-7fad34021000 rw-p 00000000 00:00 0 
7fad34021000-7fad38000000 ---p 00000000 00:00 0 
7fad3c000000-7fad3c021000 rw-p 00000000 00:00 0 
7fad3c021000-7fad40000000 ---p 00000000 00:00 0 
7fad43176000-7fad433be000 rw-p 00000000 00:00 0 
7fad433be000-7fad433c3000 r-xp 00000000 fc:01 1835099                    /lib/x86_64-linux-gnu/libnss_dns-2.19.so
7fad433c3000-7fad435c2000 ---p 00005000 fc:01 1835099                    /lib/x86_64-linux-gnu/libnss_dns-2.19.so
7fad435c2000-7fad435c3000 r--p 00004000 fc:01 1835099                    /lib/x86_64-linux-gnu/libnss_dns-2.19.so
7fad435c3000-7fad435c4000 rw-p 00005000 fc:01 1835099                    /lib/x86_64-linux-gnu/libnss_dns-2.19.so
7fad435c4000-7fad435c6000 r-xp 00000000 fc:01 1839341                    /lib/x86_64-linux-gnu/libnss_mdns4_minimal.so.2
7fad435c6000-7fad437c5000 ---p 00002000 fc:01 1839341                    /lib/x86_64-linux-gnu/libnss_mdns4_minimal.so.2
7fad437c5000-7fad437c6000 r--p 00001000 fc:01 1839341                    /lib/x86_64-linux-gnu/libnss_mdns4_minimal.so.2
7fad437c6000-7fad437c7000 rw-p 00002000 fc:01 1839341                    /lib/x86_64-linux-gnu/libnss_mdns4_minimal.so.2
7fad437e3000-7fad437f9000 r-xp 00000000 fc:01 1447993                    /opt/jdk1.7.0_79/jre/lib/amd64/libnet.so
7fad437f9000-7fad439f9000 ---p 00016000 fc:01 1447993                    /opt/jdk1.7.0_79/jre/lib/amd64/libnet.so
7fad439f9000-7fad439fa000 rw-p 00016000 fc:01 1447993                    /opt/jdk1.7.0_79/jre/lib/amd64/libnet.so
7fad439fa000-7fad439fb000 ---p 00000000 00:00 0 
7fad439fb000-7fad43afb000 rw-p 00000000 00:00 0                          [stack:17019]
7fad43afb000-7fad43afe000 ---p 00000000 00:00 0 
7fad43afe000-7fad43bfc000 rw-p 00000000 00:00 0                          [stack:17018]
7fad43bfc000-7fad43bff000 ---p 00000000 00:00 0 
7fad43bff000-7fad43cfd000 rw-p 00000000 00:00 0                          [stack:17017]
7fad43cfd000-7fad43d00000 ---p 00000000 00:00 0 
7fad43d00000-7fad43dfe000 rw-p 00000000 00:00 0                          [stack:17016]
7fad43dfe000-7fad43e01000 ---p 00000000 00:00 0 
7fad43e01000-7fad43eff000 rw-p 00000000 00:00 0                          [stack:17009]
7fad43eff000-7fad43f02000 ---p 00000000 00:00 0 
7fad43f02000-7fad44000000 rw-p 00000000 00:00 0                          [stack:17008]
7fad44000000-7fad44021000 rw-p 00000000 00:00 0 
7fad44021000-7fad48000000 ---p 00000000 00:00 0 
7fad48000000-7fad48021000 rw-p 00000000 00:00 0 
7fad48021000-7fad4c000000 ---p 00000000 00:00 0 
7fad4c000000-7fad4c021000 rw-p 00000000 00:00 0 
7fad4c021000-7fad50000000 ---p 00000000 00:00 0 
7fad50000000-7fad50021000 rw-p 00000000 00:00 0 
7fad50021000-7fad54000000 ---p 00000000 00:00 0 
7fad54000000-7fad54021000 rw-p 00000000 00:00 0 
7fad54021000-7fad58000000 ---p 00000000 00:00 0 
7fad58008000-7fad5803a000 rw-p 00000000 00:00 0 
7fad5803a000-7fad58040000 r--s 00047000 fc:02 7342467                    /home/juan.portillo/.m2/repository/org/jsoup/jsoup/1.8.3/jsoup-1.8.3.jar
7fad58040000-7fad58053000 r--s 000d6000 fc:01 1447890                    /opt/jdk1.7.0_79/jre/lib/plugin.jar
7fad58053000-7fad580e2000 r--s 00de4000 fc:01 1447907                    /opt/jdk1.7.0_79/jre/lib/jfxrt.jar
7fad580e2000-7fad580e5000 ---p 00000000 00:00 0 
7fad580e5000-7fad581e3000 rw-p 00000000 00:00 0                          [stack:17006]
7fad581e3000-7fad581ee000 r-xp 00000000 fc:01 1839133                    /lib/x86_64-linux-gnu/libnss_files-2.19.so
7fad581ee000-7fad583ed000 ---p 0000b000 fc:01 1839133                    /lib/x86_64-linux-gnu/libnss_files-2.19.so
7fad583ed000-7fad583ee000 r--p 0000a000 fc:01 1839133                    /lib/x86_64-linux-gnu/libnss_files-2.19.so
7fad583ee000-7fad583ef000 rw-p 0000b000 fc:01 1839133                    /lib/x86_64-linux-gnu/libnss_files-2.19.so
7fad583ef000-7fad583f3000 r-xp 00000000 fc:01 1448001                    /opt/jdk1.7.0_79/jre/lib/amd64/libdt_socket.so
7fad583f3000-7fad585f2000 ---p 00004000 fc:01 1448001                    /opt/jdk1.7.0_79/jre/lib/amd64/libdt_socket.so
7fad585f2000-7fad585f3000 rw-p 00003000 fc:01 1448001                    /opt/jdk1.7.0_79/jre/lib/amd64/libdt_socket.so
7fad585f3000-7fad585f6000 ---p 00000000 00:00 0 
7fad585f6000-7fad586f4000 rw-p 00000000 00:00 0                          [stack:17005]
7fad586f4000-7fad586f7000 ---p 00000000 00:00 0 
7fad586f7000-7fad587f5000 rw-p 00000000 00:00 0                          [stack:17001]
7fad587f5000-7fad587f8000 ---p 00000000 00:00 0 
7fad587f8000-7fad588f6000 rw-p 00000000 00:00 0                          [stack:17000]
7fad588f6000-7fad588f7000 ---p 00000000 00:00 0 
7fad588f7000-7fad5a686000 rw-p 00000000 00:00 0                          [stack:16999]
7fad5a686000-7fad5a846000 r--s 039f7000 fc:01 1447921                    /opt/jdk1.7.0_79/jre/lib/rt.jar
7fad5a846000-7fad5b0b4000 rw-p 00000000 00:00 0 
7fad5b0b4000-7fad5b0b5000 ---p 00000000 00:00 0 
7fad5b0b5000-7fad5b1b5000 rw-p 00000000 00:00 0                          [stack:16989]
7fad5b1b5000-7fad5b1b6000 ---p 00000000 00:00 0 
7fad5b1b6000-7fad5b2b6000 rw-p 00000000 00:00 0                          [stack:16988]
7fad5b2b6000-7fad5b2b7000 ---p 00000000 00:00 0 
7fad5b2b7000-7fad5b3b7000 rw-p 00000000 00:00 0                          [stack:16987]
7fad5b3b7000-7fad5b3b8000 ---p 00000000 00:00 0 
7fad5b3b8000-7fad5b4b8000 rw-p 00000000 00:00 0                          [stack:16986]
7fad5b4b8000-7fad5b4b9000 ---p 00000000 00:00 0 
7fad5b4b9000-7fad5b5b9000 rw-p 00000000 00:00 0                          [stack:16985]
7fad5b5b9000-7fad5b5ba000 ---p 00000000 00:00 0 
7fad5b5ba000-7fad5b6ba000 rw-p 00000000 00:00 0                          [stack:16984]
7fad5b6ba000-7fad5b6bb000 ---p 00000000 00:00 0 
7fad5b6bb000-7fad5b80f000 rw-p 00000000 00:00 0                          [stack:16982]
7fad5b80f000-7fad5bcf0000 rw-p 00000000 00:00 0 
7fad5bcf0000-7fad5bcfb000 rw-p 00000000 00:00 0 
7fad5bcfb000-7fad5bd19000 rw-p 00000000 00:00 0 
7fad5bd19000-7fad5bd6d000 rw-p 00000000 00:00 0 
7fad5bd6d000-7fad5c24d000 rw-p 00000000 00:00 0 
7fad5c24d000-7fad5c278000 rw-p 00000000 00:00 0 
7fad5c278000-7fad5c4e8000 rw-p 00000000 00:00 0 
7fad5c4e8000-7fad5c4e9000 rw-p 00000000 00:00 0 
7fad5c4e9000-7fad5c759000 rwxp 00000000 00:00 0 
7fad5c759000-7fad5f4e9000 rw-p 00000000 00:00 0 
7fad5f4e9000-7fad5f503000 r-xp 00000000 fc:01 1447988                    /opt/jdk1.7.0_79/jre/lib/amd64/libzip.so
7fad5f503000-7fad5f703000 ---p 0001a000 fc:01 1447988                    /opt/jdk1.7.0_79/jre/lib/amd64/libzip.so
7fad5f703000-7fad5f704000 rw-p 0001a000 fc:01 1447988                    /opt/jdk1.7.0_79/jre/lib/amd64/libzip.so
7fad5f704000-7fad5f71b000 r-xp 00000000 fc:01 1835105                    /lib/x86_64-linux-gnu/libnsl-2.19.so
7fad5f71b000-7fad5f91a000 ---p 00017000 fc:01 1835105                    /lib/x86_64-linux-gnu/libnsl-2.19.so
7fad5f91a000-7fad5f91b000 r--p 00016000 fc:01 1835105                    /lib/x86_64-linux-gnu/libnsl-2.19.so
7fad5f91b000-7fad5f91c000 rw-p 00017000 fc:01 1835105                    /lib/x86_64-linux-gnu/libnsl-2.19.so
7fad5f91c000-7fad5f91e000 rw-p 00000000 00:00 0 
7fad5f91e000-7fad60000000 r--p 00000000 fc:01 139282                     /usr/lib/locale/locale-archive
7fad60000000-7fad601cc000 rw-p 00000000 00:00 0 
7fad601cc000-7fad64000000 ---p 00000000 00:00 0 
7fad64000000-7fad6400a000 r--s 00253000 fc:01 1447899                    /opt/jdk1.7.0_79/jre/lib/resources.jar
7fad6400a000-7fad6400e000 r--s 0008b000 fc:01 1447916                    /opt/jdk1.7.0_79/jre/lib/jsse.jar
7fad6400e000-7fad64017000 r--s 00068000 fc:01 1447943                    /opt/jdk1.7.0_79/jre/lib/javaws.jar
7fad64017000-7fad640ea000 rw-p 00000000 00:00 0 
7fad640ea000-7fad640eb000 ---p 00000000 00:00 0 
7fad640eb000-7fad641f6000 rw-p 00000000 00:00 0                          [stack:16981]
7fad641f6000-7fad64214000 rw-p 00000000 00:00 0 
7fad64214000-7fad6422b000 r-xp 00000000 fc:01 1835109                    /lib/x86_64-linux-gnu/libresolv-2.19.so
7fad6422b000-7fad6442b000 ---p 00017000 fc:01 1835109                    /lib/x86_64-linux-gnu/libresolv-2.19.so
7fad6442b000-7fad6442c000 r--p 00017000 fc:01 1835109                    /lib/x86_64-linux-gnu/libresolv-2.19.so
7fad6442c000-7fad6442d000 rw-p 00018000 fc:01 1835109                    /lib/x86_64-linux-gnu/libresolv-2.19.so
7fad6442d000-7fad6442f000 rw-p 00000000 00:00 0 
7fad6442f000-7fad6445a000 r-xp 00000000 fc:01 1835267                    /lib/libnss_centrifydc.so.2
7fad6445a000-7fad6465a000 ---p 0002b000 fc:01 1835267                    /lib/libnss_centrifydc.so.2
7fad6465a000-7fad6465c000 rw-p 0002b000 fc:01 1835267                    /lib/libnss_centrifydc.so.2
7fad6465c000-7fad6465e000 r-xp 00000000 fc:01 1448002                    /opt/jdk1.7.0_79/jre/lib/amd64/libnpt.so
7fad6465e000-7fad6485e000 ---p 00002000 fc:01 1448002                    /opt/jdk1.7.0_79/jre/lib/amd64/libnpt.so
7fad6485e000-7fad6485f000 rw-p 00002000 fc:01 1448002                    /opt/jdk1.7.0_79/jre/lib/amd64/libnpt.so
7fad6485f000-7fad64898000 r-xp 00000000 fc:01 1447963                    /opt/jdk1.7.0_79/jre/lib/amd64/libjdwp.so
7fad64898000-7fad64a98000 ---p 00039000 fc:01 1447963                    /opt/jdk1.7.0_79/jre/lib/amd64/libjdwp.so
7fad64a98000-7fad64a99000 rw-p 00039000 fc:01 1447963                    /opt/jdk1.7.0_79/jre/lib/amd64/libjdwp.so
7fad64a99000-7fad64a9a000 rw-p 00000000 00:00 0 
7fad64a9a000-7fad64ac3000 r-xp 00000000 fc:01 1447956                    /opt/jdk1.7.0_79/jre/lib/amd64/libjava.so
7fad64ac3000-7fad64cc3000 ---p 00029000 fc:01 1447956                    /opt/jdk1.7.0_79/jre/lib/amd64/libjava.so
7fad64cc3000-7fad64cc5000 rw-p 00029000 fc:01 1447956                    /opt/jdk1.7.0_79/jre/lib/amd64/libjava.so
7fad64cc5000-7fad64cd2000 r-xp 00000000 fc:01 1447981                    /opt/jdk1.7.0_79/jre/lib/amd64/libverify.so
7fad64cd2000-7fad64ed1000 ---p 0000d000 fc:01 1447981                    /opt/jdk1.7.0_79/jre/lib/amd64/libverify.so
7fad64ed1000-7fad64ed3000 rw-p 0000c000 fc:01 1447981                    /opt/jdk1.7.0_79/jre/lib/amd64/libverify.so
7fad64ed3000-7fad64eda000 r-xp 00000000 fc:01 1835039                    /lib/x86_64-linux-gnu/librt-2.19.so
7fad64eda000-7fad650d9000 ---p 00007000 fc:01 1835039                    /lib/x86_64-linux-gnu/librt-2.19.so
7fad650d9000-7fad650da000 r--p 00006000 fc:01 1835039                    /lib/x86_64-linux-gnu/librt-2.19.so
7fad650da000-7fad650db000 rw-p 00007000 fc:01 1835039                    /lib/x86_64-linux-gnu/librt-2.19.so
7fad650db000-7fad651e0000 r-xp 00000000 fc:01 1835104                    /lib/x86_64-linux-gnu/libm-2.19.so
7fad651e0000-7fad653df000 ---p 00105000 fc:01 1835104                    /lib/x86_64-linux-gnu/libm-2.19.so
7fad653df000-7fad653e0000 r--p 00104000 fc:01 1835104                    /lib/x86_64-linux-gnu/libm-2.19.so
7fad653e0000-7fad653e1000 rw-p 00105000 fc:01 1835104                    /lib/x86_64-linux-gnu/libm-2.19.so
7fad653e1000-7fad65f56000 r-xp 00000000 fc:01 1448013                    /opt/jdk1.7.0_79/jre/lib/amd64/server/libjvm.so
7fad65f56000-7fad66156000 ---p 00b75000 fc:01 1448013                    /opt/jdk1.7.0_79/jre/lib/amd64/server/libjvm.so
7fad66156000-7fad6621a000 rw-p 00b75000 fc:01 1448013                    /opt/jdk1.7.0_79/jre/lib/amd64/server/libjvm.so
7fad6621a000-7fad6625b000 rw-p 00000000 00:00 0 
7fad6625b000-7fad66416000 r-xp 00000000 fc:01 1835038                    /lib/x86_64-linux-gnu/libc-2.19.so
7fad66416000-7fad66616000 ---p 001bb000 fc:01 1835038                    /lib/x86_64-linux-gnu/libc-2.19.so
7fad66616000-7fad6661a000 r--p 001bb000 fc:01 1835038                    /lib/x86_64-linux-gnu/libc-2.19.so
7fad6661a000-7fad6661c000 rw-p 001bf000 fc:01 1835038                    /lib/x86_64-linux-gnu/libc-2.19.so
7fad6661c000-7fad66621000 rw-p 00000000 00:00 0 
7fad66621000-7fad66624000 r-xp 00000000 fc:01 1835100                    /lib/x86_64-linux-gnu/libdl-2.19.so
7fad66624000-7fad66823000 ---p 00003000 fc:01 1835100                    /lib/x86_64-linux-gnu/libdl-2.19.so
7fad66823000-7fad66824000 r--p 00002000 fc:01 1835100                    /lib/x86_64-linux-gnu/libdl-2.19.so
7fad66824000-7fad66825000 rw-p 00003000 fc:01 1835100                    /lib/x86_64-linux-gnu/libdl-2.19.so
7fad66825000-7fad6683b000 r-xp 00000000 fc:01 1573000                    /opt/jdk1.7.0_79/lib/amd64/jli/libjli.so
7fad6683b000-7fad66a3b000 ---p 00016000 fc:01 1573000                    /opt/jdk1.7.0_79/lib/amd64/jli/libjli.so
7fad66a3b000-7fad66a3c000 rw-p 00016000 fc:01 1573000                    /opt/jdk1.7.0_79/lib/amd64/jli/libjli.so
7fad66a3c000-7fad66a55000 r-xp 00000000 fc:01 1835113                    /lib/x86_64-linux-gnu/libpthread-2.19.so
7fad66a55000-7fad66c54000 ---p 00019000 fc:01 1835113                    /lib/x86_64-linux-gnu/libpthread-2.19.so
7fad66c54000-7fad66c55000 r--p 00018000 fc:01 1835113                    /lib/x86_64-linux-gnu/libpthread-2.19.so
7fad66c55000-7fad66c56000 rw-p 00019000 fc:01 1835113                    /lib/x86_64-linux-gnu/libpthread-2.19.so
7fad66c56000-7fad66c5a000 rw-p 00000000 00:00 0 
7fad66c5a000-7fad66c7d000 r-xp 00000000 fc:01 1835028                    /lib/x86_64-linux-gnu/ld-2.19.so
7fad66c7d000-7fad66c80000 r--s 00019000 fc:01 1447909                    /opt/jdk1.7.0_79/jre/lib/jce.jar
7fad66c80000-7fad66c99000 r--s 001e7000 fc:01 1447912                    /opt/jdk1.7.0_79/jre/lib/deploy.jar
7fad66c99000-7fad66ca3000 rw-p 00000000 00:00 0 
7fad66ca3000-7fad66d59000 rw-p 00000000 00:00 0 
7fad66d59000-7fad66d5c000 ---p 00000000 00:00 0 
7fad66d5c000-7fad66e5f000 rw-p 00000000 00:00 0                          [stack:16980]
7fad66e5f000-7fad66e60000 r--s 00000000 fc:01 1447920                    /opt/jdk1.7.0_79/jre/lib/management-agent.jar
7fad66e60000-7fad66e6b000 r--s 0037c000 fc:01 1447942                    /opt/jdk1.7.0_79/jre/lib/charsets.jar
7fad66e6b000-7fad66e70000 r--s 0007d000 fc:01 1447918                    /opt/jdk1.7.0_79/jre/lib/jfr.jar
7fad66e70000-7fad66e78000 rw-s 00000000 fc:01 1320532                    /tmp/hsperfdata_juan.portillo/16979
7fad66e78000-7fad66e79000 rw-p 00000000 00:00 0 
7fad66e79000-7fad66e7a000 r--p 00000000 00:00 0 
7fad66e7a000-7fad66e7c000 rw-p 00000000 00:00 0 
7fad66e7c000-7fad66e7d000 r--p 00022000 fc:01 1835028                    /lib/x86_64-linux-gnu/ld-2.19.so
7fad66e7d000-7fad66e7e000 rw-p 00023000 fc:01 1835028                    /lib/x86_64-linux-gnu/ld-2.19.so
7fad66e7e000-7fad66e7f000 rw-p 00000000 00:00 0 
7fff0e7c9000-7fff0e7eb000 rw-p 00000000 00:00 0                          [stack]
7fff0e7fe000-7fff0e800000 r-xp 00000000 00:00 0                          [vdso]
ffffffffff600000-ffffffffff601000 r-xp 00000000 00:00 0                  [vsyscall]

VM Arguments:
jvm_args: -agentlib:jdwp=transport=dt_socket,address=127.0.0.1:41399,suspend=y,server=n -Dfile.encoding=UTF-8 
java_command: MainCrawler
Launcher Type: SUN_STANDARD

Environment Variables:
JAVA_HOME=/opt/jdk1.7.0_79
PATH=/usr/share/centrifydc/bin:/usr/local/sbin:/usr/local/bin:/usr/sbin:/usr/bin:/sbin:/bin:/usr/games:/usr/local/games:/opt/apache-maven-3.3.3/bin:/opt/jdk1.7.0_79/bin
LD_LIBRARY_PATH=idea-IC-141.1010.3/bin:
SHELL=/bin/bash
DISPLAY=:0

Signal Handlers:
SIGSEGV: [libjvm.so+0x9a3bf0], sa_mask[0]=0x7ffbfeff, sa_flags=0x10000004
SIGBUS: [libjvm.so+0x9a3bf0], sa_mask[0]=0x7ffbfeff, sa_flags=0x10000004
SIGFPE: [libjvm.so+0x81cb60], sa_mask[0]=0x7ffbfeff, sa_flags=0x10000004
SIGPIPE: [libjvm.so+0x81cb60], sa_mask[0]=0x7ffbfeff, sa_flags=0x10000004
SIGXFSZ: [libjvm.so+0x81cb60], sa_mask[0]=0x7ffbfeff, sa_flags=0x10000004
SIGILL: [libjvm.so+0x81cb60], sa_mask[0]=0x7ffbfeff, sa_flags=0x10000004
SIGUSR1: SIG_DFL, sa_mask[0]=0x00000000, sa_flags=0x00000000
SIGUSR2: [libjvm.so+0x81e360], sa_mask[0]=0x00000004, sa_flags=0x10000004
SIGHUP: [libjvm.so+0x81f480], sa_mask[0]=0x7ffbfeff, sa_flags=0x10000004
SIGINT: [libjvm.so+0x81f480], sa_mask[0]=0x7ffbfeff, sa_flags=0x10000004
SIGTERM: [libjvm.so+0x81f480], sa_mask[0]=0x7ffbfeff, sa_flags=0x10000004
SIGQUIT: [libjvm.so+0x81f480], sa_mask[0]=0x7ffbfeff, sa_flags=0x10000004


---------------  S Y S T E M  ---------------

OS:jessie/sid

uname:Linux 3.13.0-32-generic #57-Ubuntu SMP Tue Jul 15 03:51:08 UTC 2014 x86_64
libc:glibc 2.19 NPTL 2.19 
rlimit: STACK 8192k, CORE 0k, NPROC 127691, NOFILE 4096, AS infinity
load average:1,27 1,28 1,40

/proc/meminfo:
MemTotal:       16375104 kB
MemFree:         4646264 kB
Buffers:          295400 kB
Cached:          2877716 kB
SwapCached:       168764 kB
Active:          8635972 kB
Inactive:        2196200 kB
Active(anon):    7041668 kB
Inactive(anon):  1106456 kB
Active(file):    1594304 kB
Inactive(file):  1089744 kB
Unevictable:         128 kB
Mlocked:             128 kB
SwapTotal:       4194300 kB
SwapFree:        3706668 kB
Dirty:              1724 kB
Writeback:             0 kB
AnonPages:       7518924 kB
Mapped:           646732 kB
Shmem:            489068 kB
Slab:             458884 kB
SReclaimable:     254596 kB
SUnreclaim:       204288 kB
KernelStack:        8248 kB
PageTables:        82104 kB
NFS_Unstable:          0 kB
Bounce:                0 kB
WritebackTmp:          0 kB
CommitLimit:    12381852 kB
Committed_AS:   39408972 kB
VmallocTotal:   34359738367 kB
VmallocUsed:      113620 kB
VmallocChunk:   34359494720 kB
HardwareCorrupted:     0 kB
AnonHugePages:   3244032 kB
HugePages_Total:       0
HugePages_Free:        0
HugePages_Rsvd:        0
HugePages_Surp:        0
Hugepagesize:       2048 kB
DirectMap4k:      131708 kB
DirectMap2M:     9246720 kB
DirectMap1G:     7340032 kB


CPU:total 8 (4 cores per cpu, 2 threads per core) family 6 model 60 stepping 3, cmov, cx8, fxsr, mmx, sse, sse2, sse3, ssse3, sse4.1, sse4.2, popcnt, avx, avx2, aes, erms, ht, tsc, tscinvbit

/proc/cpuinfo:
processor	: 0
vendor_id	: GenuineIntel
cpu family	: 6
model		: 60
model name	: Intel(R) Core(TM) i7-4770 CPU @ 3.40GHz
stepping	: 3
microcode	: 0x17
cpu MHz		: 1900.000
cache size	: 8192 KB
physical id	: 0
siblings	: 8
core id		: 0
cpu cores	: 4
apicid		: 0
initial apicid	: 0
fpu		: yes
fpu_exception	: yes
cpuid level	: 13
wp		: yes
flags		: fpu vme de pse tsc msr pae mce cx8 apic sep mtrr pge mca cmov pat pse36 clflush dts acpi mmx fxsr sse sse2 ss ht tm pbe syscall nx pdpe1gb rdtscp lm constant_tsc arch_perfmon pebs bts rep_good nopl xtopology nonstop_tsc aperfmperf eagerfpu pni pclmulqdq dtes64 monitor ds_cpl vmx smx est tm2 ssse3 fma cx16 xtpr pdcm pcid sse4_1 sse4_2 x2apic movbe popcnt tsc_deadline_timer aes xsave avx f16c rdrand lahf_lm abm ida arat epb xsaveopt pln pts dtherm tpr_shadow vnmi flexpriority ept vpid fsgsbase tsc_adjust bmi1 hle avx2 smep bmi2 erms invpcid rtm
bogomips	: 6784.32
clflush size	: 64
cache_alignment	: 64
address sizes	: 39 bits physical, 48 bits virtual
power management:

processor	: 1
vendor_id	: GenuineIntel
cpu family	: 6
model		: 60
model name	: Intel(R) Core(TM) i7-4770 CPU @ 3.40GHz
stepping	: 3
microcode	: 0x17
cpu MHz		: 3401.000
cache size	: 8192 KB
physical id	: 0
siblings	: 8
core id		: 1
cpu cores	: 4
apicid		: 2
initial apicid	: 2
fpu		: yes
fpu_exception	: yes
cpuid level	: 13
wp		: yes
flags		: fpu vme de pse tsc msr pae mce cx8 apic sep mtrr pge mca cmov pat pse36 clflush dts acpi mmx fxsr sse sse2 ss ht tm pbe syscall nx pdpe1gb rdtscp lm constant_tsc arch_perfmon pebs bts rep_good nopl xtopology nonstop_tsc aperfmperf eagerfpu pni pclmulqdq dtes64 monitor ds_cpl vmx smx est tm2 ssse3 fma cx16 xtpr pdcm pcid sse4_1 sse4_2 x2apic movbe popcnt tsc_deadline_timer aes xsave avx f16c rdrand lahf_lm abm ida arat epb xsaveopt pln pts dtherm tpr_shadow vnmi flexpriority ept vpid fsgsbase tsc_adjust bmi1 hle avx2 smep bmi2 erms invpcid rtm
bogomips	: 6784.32
clflush size	: 64
cache_alignment	: 64
address sizes	: 39 bits physical, 48 bits virtual
power management:

processor	: 2
vendor_id	: GenuineIntel
cpu family	: 6
model		: 60
model name	: Intel(R) Core(TM) i7-4770 CPU @ 3.40GHz
stepping	: 3
microcode	: 0x17
cpu MHz		: 2700.000
cache size	: 8192 KB
physical id	: 0
siblings	: 8
core id		: 2
cpu cores	: 4
apicid		: 4
initial apicid	: 4
fpu		: yes
fpu_exception	: yes
cpuid level	: 13
wp		: yes
flags		: fpu vme de pse tsc msr pae mce cx8 apic sep mtrr pge mca cmov pat pse36 clflush dts acpi mmx fxsr sse sse2 ss ht tm pbe syscall nx pdpe1gb rdtscp lm constant_tsc arch_perfmon pebs bts rep_good nopl xtopology nonstop_tsc aperfmperf eagerfpu pni pclmulqdq dtes64 monitor ds_cpl vmx smx est tm2 ssse3 fma cx16 xtpr pdcm pcid sse4_1 sse4_2 x2apic movbe popcnt tsc_deadline_timer aes xsave avx f16c rdrand lahf_lm abm ida arat epb xsaveopt pln pts dtherm tpr_shadow vnmi flexpriority ept vpid fsgsbase tsc_adjust bmi1 hle avx2 smep bmi2 erms invpcid rtm
bogomips	: 6784.32
clflush size	: 64
cache_alignment	: 64
address sizes	: 39 bits physical, 48 bits virtual
power management:

processor	: 3
vendor_id	: GenuineIntel
cpu family	: 6
model		: 60
model name	: Intel(R) Core(TM) i7-4770 CPU @ 3.40GHz
stepping	: 3
microcode	: 0x17
cpu MHz		: 2700.000
cache size	: 8192 KB
physical id	: 0
siblings	: 8
core id		: 3
cpu cores	: 4
apicid		: 6
initial apicid	: 6
fpu		: yes
fpu_exception	: yes
cpuid level	: 13
wp		: yes
flags		: fpu vme de pse tsc msr pae mce cx8 apic sep mtrr pge mca cmov pat pse36 clflush dts acpi mmx fxsr sse sse2 ss ht tm pbe syscall nx pdpe1gb rdtscp lm constant_tsc arch_perfmon pebs bts rep_good nopl xtopology nonstop_tsc aperfmperf eagerfpu pni pclmulqdq dtes64 monitor ds_cpl vmx smx est tm2 ssse3 fma cx16 xtpr pdcm pcid sse4_1 sse4_2 x2apic movbe popcnt tsc_deadline_timer aes xsave avx f16c rdrand lahf_lm abm ida arat epb xsaveopt pln pts dtherm tpr_shadow vnmi flexpriority ept vpid fsgsbase tsc_adjust bmi1 hle avx2 smep bmi2 erms invpcid rtm
bogomips	: 6784.32
clflush size	: 64
cache_alignment	: 64
address sizes	: 39 bits physical, 48 bits virtual
power management:

processor	: 4
vendor_id	: GenuineIntel
cpu family	: 6
model		: 60
model name	: Intel(R) Core(TM) i7-4770 CPU @ 3.40GHz
stepping	: 3
microcode	: 0x17
cpu MHz		: 800.000
cache size	: 8192 KB
physical id	: 0
siblings	: 8
core id		: 0
cpu cores	: 4
apicid		: 1
initial apicid	: 1
fpu		: yes
fpu_exception	: yes
cpuid level	: 13
wp		: yes
flags		: fpu vme de pse tsc msr pae mce cx8 apic sep mtrr pge mca cmov pat pse36 clflush dts acpi mmx fxsr sse sse2 ss ht tm pbe syscall nx pdpe1gb rdtscp lm constant_tsc arch_perfmon pebs bts rep_good nopl xtopology nonstop_tsc aperfmperf eagerfpu pni pclmulqdq dtes64 monitor ds_cpl vmx smx est tm2 ssse3 fma cx16 xtpr pdcm pcid sse4_1 sse4_2 x2apic movbe popcnt tsc_deadline_timer aes xsave avx f16c rdrand lahf_lm abm ida arat epb xsaveopt pln pts dtherm tpr_shadow vnmi flexpriority ept vpid fsgsbase tsc_adjust bmi1 hle avx2 smep bmi2 erms invpcid rtm
bogomips	: 6784.32
clflush size	: 64
cache_alignment	: 64
address sizes	: 39 bits physical, 48 bits virtual
power management:

processor	: 5
vendor_id	: GenuineIntel
cpu family	: 6
model		: 60
model name	: Intel(R) Core(TM) i7-4770 CPU @ 3.40GHz
stepping	: 3
microcode	: 0x17
cpu MHz		: 1200.000
cache size	: 8192 KB
physical id	: 0
siblings	: 8
core id		: 1
cpu cores	: 4
apicid		: 3
initial apicid	: 3
fpu		: yes
fpu_exception	: yes
cpuid level	: 13
wp		: yes
flags		: fpu vme de pse tsc msr pae mce cx8 apic sep mtrr pge mca cmov pat pse36 clflush dts acpi mmx fxsr sse sse2 ss ht tm pbe syscall nx pdpe1gb rdtscp lm constant_tsc arch_perfmon pebs bts rep_good nopl xtopology nonstop_tsc aperfmperf eagerfpu pni pclmulqdq dtes64 monitor ds_cpl vmx smx est tm2 ssse3 fma cx16 xtpr pdcm pcid sse4_1 sse4_2 x2apic movbe popcnt tsc_deadline_timer aes xsave avx f16c rdrand lahf_lm abm ida arat epb xsaveopt pln pts dtherm tpr_shadow vnmi flexpriority ept vpid fsgsbase tsc_adjust bmi1 hle avx2 smep bmi2 erms invpcid rtm
bogomips	: 6784.32
clflush size	: 64
cache_alignment	: 64
address sizes	: 39 bits physical, 48 bits virtual
power management:

processor	: 6
vendor_id	: GenuineIntel
cpu family	: 6
model		: 60
model name	: Intel(R) Core(TM) i7-4770 CPU @ 3.40GHz
stepping	: 3
microcode	: 0x17
cpu MHz		: 1400.000
cache size	: 8192 KB
physical id	: 0
siblings	: 8
core id		: 2
cpu cores	: 4
apicid		: 5
initial apicid	: 5
fpu		: yes
fpu_exception	: yes
cpuid level	: 13
wp		: yes
flags		: fpu vme de pse tsc msr pae mce cx8 apic sep mtrr pge mca cmov pat pse36 clflush dts acpi mmx fxsr sse sse2 ss ht tm pbe syscall nx pdpe1gb rdtscp lm constant_tsc arch_perfmon pebs bts rep_good nopl xtopology nonstop_tsc aperfmperf eagerfpu pni pclmulqdq dtes64 monitor ds_cpl vmx smx est tm2 ssse3 fma cx16 xtpr pdcm pcid sse4_1 sse4_2 x2apic movbe popcnt tsc_deadline_timer aes xsave avx f16c rdrand lahf_lm abm ida arat epb xsaveopt pln pts dtherm tpr_shadow vnmi flexpriority ept vpid fsgsbase tsc_adjust bmi1 hle avx2 smep bmi2 erms invpcid rtm
bogomips	: 6784.32
clflush size	: 64
cache_alignment	: 64
address sizes	: 39 bits physical, 48 bits virtual
power management:

processor	: 7
vendor_id	: GenuineIntel
cpu family	: 6
model		: 60
model name	: Intel(R) Core(TM) i7-4770 CPU @ 3.40GHz
stepping	: 3
microcode	: 0x17
cpu MHz		: 2300.000
cache size	: 8192 KB
physical id	: 0
siblings	: 8
core id		: 3
cpu cores	: 4
apicid		: 7
initial apicid	: 7
fpu		: yes
fpu_exception	: yes
cpuid level	: 13
wp		: yes
flags		: fpu vme de pse tsc msr pae mce cx8 apic sep mtrr pge mca cmov pat pse36 clflush dts acpi mmx fxsr sse sse2 ss ht tm pbe syscall nx pdpe1gb rdtscp lm constant_tsc arch_perfmon pebs bts rep_good nopl xtopology nonstop_tsc aperfmperf eagerfpu pni pclmulqdq dtes64 monitor ds_cpl vmx smx est tm2 ssse3 fma cx16 xtpr pdcm pcid sse4_1 sse4_2 x2apic movbe popcnt tsc_deadline_timer aes xsave avx f16c rdrand lahf_lm abm ida arat epb xsaveopt pln pts dtherm tpr_shadow vnmi flexpriority ept vpid fsgsbase tsc_adjust bmi1 hle avx2 smep bmi2 erms invpcid rtm
bogomips	: 6784.32
clflush size	: 64
cache_alignment	: 64
address sizes	: 39 bits physical, 48 bits virtual
power management:



Memory: 4k page, physical 16375104k(4646264k free), swap 4194300k(3706668k free)

vm_info: Java HotSpot(TM) 64-Bit Server VM (24.79-b02) for linux-amd64 JRE (1.7.0_79-b15), built on Apr 10 2015 11:34:48 by "java_re" with gcc 4.3.0 20080428 (Red Hat 4.3.0-8)

time: Wed Mar 16 11:59:07 2016
elapsed time: 461 seconds

