#
# A fatal error has been detected by the Java Runtime Environment:
#
#  SIGSEGV (0xb) at pc=0x00007f3d2dc3980d, pid=17508, tid=139900510443264
#
# JRE version: Java(TM) SE Runtime Environment (7.0_79-b15) (build 1.7.0_79-b15)
# Java VM: Java HotSpot(TM) 64-Bit Server VM (24.79-b02 mixed mode linux-amd64 compressed oops)
# Problematic frame:
# V  [libjvm.so+0x6a880d]  JNIHandles::checked_resolve_jmethod_id(_jmethodID*)+0x3d
#
# Failed to write core dump. Core dumps have been disabled. To enable core dumping, try "ulimit -c unlimited" before starting Java again
#
# If you would like to submit a bug report, please visit:
#   http://bugreport.java.com/bugreport/crash.jsp
#

---------------  T H R E A D  ---------------

Current thread (0x00007f3d280a9800):  JavaThread "JDWP Transport Listener: dt_socket" daemon [_thread_in_vm, id=17536, stack(0x00007f3d202a9000,0x00007f3d203aa000)]

siginfo:si_signo=SIGSEGV: si_errno=0, si_code=1 (SEGV_MAPERR), si_addr=0x0000000000000128

Registers:
RAX=0x0000000000000000, RBX=0x00007f3ce4000678, RCX=0x0000000000000003, RDX=0x0000000720003340
RSP=0x00007f3d203a8a10, RBP=0x00007f3d203a8a20, RSI=0x00007f3d280a9800, RDI=0x0000000720003350
R8 =0x0000000000000000, R9 =0x00007f3ce40129d0, R10=0x0000000000000010, R11=0x00007f3d2e5935d0
R12=0x0000000000000017, R13=0x00007f3ce400e340, R14=0x00007f3d280a9800, R15=0x00007f3d203a8b27
RIP=0x00007f3d2dc3980d, EFLAGS=0x0000000000010202, CSGSFS=0xffff000000000033, ERR=0x0000000000000004
  TRAPNO=0x000000000000000e

Top of Stack: (sp=0x00007f3d203a8a10)
0x00007f3d203a8a10:   0000000000000074 00007f3d28003b30
0x00007f3d203a8a20:   00007f3d203a8a90 00007f3d2dc2ac0e
0x00007f3d203a8a30:   0000000000000073 00007f3d203a8a40
0x00007f3d203a8a40:   00007f3d280a9800 0000000000000000
0x00007f3d203a8a50:   00007f3d00000000 0000000000000000
0x00007f3d203a8a60:   00007f3d203a8a80 00007f3d2cc49120
0x00007f3d203a8a70:   00007f3ce400e340 00007f3d203a8b27
0x00007f3d203a8a80:   0000000000000002 00007f3d203a8b27
0x00007f3d203a8a90:   00007f3d203a8ac0 00007f3d2ca34472
0x00007f3d203a8aa0:   00007f3d203a8ac0 00007f3ce400e340
0x00007f3d203a8ab0:   00007f3d203a8b90 0000000000000010
0x00007f3d203a8ac0:   00007f3d203a8b50 00007f3d2ca15a60
0x00007f3d203a8ad0:   00007f3d203a8b08 00007f3d203a8b00
0x00007f3d203a8ae0:   00007f3d203a8af8 00007f3d203a8b1c
0x00007f3d203a8af0:   00000001e40035e0 0000000000000000
0x00007f3d203a8b00:   0000000000000000 0000000000000000
0x00007f3d203a8b10:   00007f3ce4003f70 00000009203a8b90
0x00007f3d203a8b20:   0000000000000003 0000000000000002
0x00007f3d203a8b30:   000000000000000f 0000000000000002
0x00007f3d203a8b40:   00000000000f0200 000000000000000f
0x00007f3d203a8b50:   00007f3d203a8da0 00007f3d2ca20976
0x00007f3d203a8b60:   00005e7300000013 00007f3d2d0f0200
0x00007f3d203a8b70:   00007f3cdc000fb0 00007f3d280a9800
0x00007f3d203a8b80:   00007f3d203a8b90 00007f3d203a8d20
0x00007f3d203a8b90:   00007f3d203a8c37 00007f3d000000d5
0x00007f3d203a8ba0:   00007f3d203a8ba8 0000000000000057
0x00007f3d203a8bb0:   00007f3d203a8be0 0000000000000000
0x00007f3d203a8bc0:   0000000000000000 00005e7300000030
0x00007f3d203a8bd0:   00007f3d00008c80 00007f3d203a8be0
0x00007f3d203a8be0:   3d7f000003000000 06000000405c0828
0x00007f3d203a8bf0:   00003e74696e693c 0000005629280300
0x00007f3d203a8c00:   7f00000100000000 000000485c08283d 

Instructions: (pc=0x00007f3d2dc3980d)
0x00007f3d2dc397ed:   fe fe fe 48 39 c3 74 25 48 8b 05 1c 37 76 00 80
0x00007f3d2dc397fd:   38 00 75 2f 48 8b 53 08 48 8b 42 10 48 8d 7a 10
0x00007f3d2dc3980d:   ff 90 28 01 00 00 84 c0 48 89 da 75 02 31 d2 48
0x00007f3d2dc3981d:   83 c4 08 48 89 d0 5b c9 c3 66 2e 0f 1f 84 00 00 

Register to memory mapping:

RAX=0x0000000000000000 is an unknown value
RBX=0x00007f3ce4000678 is an unknown value
RCX=0x0000000000000003 is an unknown value
RDX=0x0000000720003340 is an unallocated location in the heap
RSP=0x00007f3d203a8a10 is pointing into the stack for thread: 0x00007f3d280a9800
RBP=0x00007f3d203a8a20 is pointing into the stack for thread: 0x00007f3d280a9800
RSI=0x00007f3d280a9800 is a thread
RDI=0x0000000720003350 is an unallocated location in the heap
R8 =0x0000000000000000 is an unknown value
R9 =0x00007f3ce40129d0 is an unknown value
R10=0x0000000000000010 is an unknown value
R11=0x00007f3d2e5935d0: <offset 0x1885d0> in /lib/x86_64-linux-gnu/libc.so.6 at 0x00007f3d2e40b000
R12=0x0000000000000017 is an unknown value
R13=0x00007f3ce400e340 is an unknown value
R14=0x00007f3d280a9800 is a thread
R15=0x00007f3d203a8b27 is pointing into the stack for thread: 0x00007f3d280a9800


Stack: [0x00007f3d202a9000,0x00007f3d203aa000],  sp=0x00007f3d203a8a10,  free space=1022k
Native frames: (J=compiled Java code, j=interpreted, Vv=VM code, C=native code)
V  [libjvm.so+0x6a880d]  JNIHandles::checked_resolve_jmethod_id(_jmethodID*)+0x3d
V  [libjvm.so+0x699c0e]  jvmti_IsMethodSynthetic+0x23e
C  [libjdwp.so+0x25472]  isMethodSynthetic+0x42
C  [libjdwp.so+0x6a60]  methods1+0x1b0
C  [libjdwp.so+0x11976]  debugLoop_run+0x2b6
C  [libjdwp.so+0x243af]  attachThread+0x2f
V  [libjvm.so+0x6fe447]  JvmtiAgentThread::call_start_function()+0x97
V  [libjvm.so+0x95c11f]  JavaThread::thread_main_inner()+0xdf
V  [libjvm.so+0x95c225]  JavaThread::run()+0xf5
V  [libjvm.so+0x821ca8]  java_start(Thread*)+0x108


---------------  P R O C E S S  ---------------

Java Threads: ( => current thread )
  0x00007f3d280b4800 JavaThread "Service Thread" daemon [_thread_blocked, id=17548, stack(0x00007f3d07cfd000,0x00007f3d07dfe000)]
  0x00007f3d280b2800 JavaThread "C2 CompilerThread1" daemon [_thread_blocked, id=17547, stack(0x00007f3d07dfe000,0x00007f3d07eff000)]
  0x00007f3d280af800 JavaThread "C2 CompilerThread0" daemon [_thread_blocked, id=17546, stack(0x00007f3d07eff000,0x00007f3d08000000)]
  0x00007f3ce4001000 JavaThread "JDWP Command Reader" daemon [_thread_in_native, id=17539, stack(0x00007f3d200a7000,0x00007f3d201a8000)]
  0x00007f3d280ad000 JavaThread "JDWP Event Helper Thread" daemon [_thread_blocked, id=17538, stack(0x00007f3d201a8000,0x00007f3d202a9000)]
=>0x00007f3d280a9800 JavaThread "JDWP Transport Listener: dt_socket" daemon [_thread_in_vm, id=17536, stack(0x00007f3d202a9000,0x00007f3d203aa000)]
  0x00007f3d2809c000 JavaThread "Signal Dispatcher" daemon [_thread_blocked, id=17535, stack(0x00007f3d207ba000,0x00007f3d208bb000)]
  0x00007f3d2807c800 JavaThread "Finalizer" daemon [_thread_blocked, id=17531, stack(0x00007f3d208bb000,0x00007f3d209bc000)]
  0x00007f3d2807a800 JavaThread "Reference Handler" daemon [_thread_blocked, id=17530, stack(0x00007f3d209bc000,0x00007f3d20abd000)]
  0x00007f3d2800e000 JavaThread "main" [_thread_blocked, id=17509, stack(0x00007f3d2ef09000,0x00007f3d2f00a000)]

Other Threads:
  0x00007f3d28076000 VMThread [stack: 0x00007f3d20abd000,0x00007f3d20bbe000] [id=17529]
  0x00007f3d280c7800 WatcherThread [stack: 0x00007f3d07bfc000,0x00007f3d07cfd000] [id=17549]

VM state:not at safepoint (normal execution)

VM Mutex/Monitor currently owned by a thread: None

Heap
 PSYoungGen      total 75264K, used 9109K [0x00000007acb00000, 0x00000007b1e80000, 0x0000000800000000)
  eden space 65024K, 14% used [0x00000007acb00000,0x00000007ad3e5520,0x00000007b0a80000)
  from space 10240K, 0% used [0x00000007b1480000,0x00000007b1480000,0x00000007b1e80000)
  to   space 10240K, 0% used [0x00000007b0a80000,0x00000007b0a80000,0x00000007b1480000)
 ParOldGen       total 170496K, used 0K [0x0000000706200000, 0x0000000710880000, 0x00000007acb00000)
  object space 170496K, 0% used [0x0000000706200000,0x0000000706200000,0x0000000710880000)
 PSPermGen       total 21504K, used 4597K [0x0000000701000000, 0x0000000702500000, 0x0000000706200000)
  object space 21504K, 21% used [0x0000000701000000,0x000000070147d688,0x0000000702500000)

Card table byte_map: [0x00007f3d23f8a000,0x00007f3d24783000] byte_map_base: 0x00007f3d20782000

Polling page: 0x00007f3d2f029000

Code Cache  [0x00007f3d24783000, 0x00007f3d249f3000, 0x00007f3d27783000)
 total_blobs=231 nmethods=39 adapters=154 free_code_cache=48671Kb largest_free_block=49815360

Compilation events (10 events):
Event: 0,396 Thread 0x00007f3d280b2800 nmethod 35 0x00007f3d247f0b50 code [0x00007f3d247f0c80, 0x00007f3d247f0cd8]
Event: 0,396 Thread 0x00007f3d280b2800   36             java.util.ArrayList::rangeCheck (22 bytes)
Event: 0,397 Thread 0x00007f3d280b2800 nmethod 36 0x00007f3d247f27d0 code [0x00007f3d247f2900, 0x00007f3d247f2978]
Event: 0,397 Thread 0x00007f3d280b2800   37             java.util.ArrayList::elementData (7 bytes)
Event: 0,397 Thread 0x00007f3d280b2800 nmethod 37 0x00007f3d247f5050 code [0x00007f3d247f51a0, 0x00007f3d247f5278]
Event: 0,397 Thread 0x00007f3d280b2800   38             java.util.ArrayList::get (11 bytes)
Event: 0,398 Thread 0x00007f3d280b2800 nmethod 38 0x00007f3d247f4cd0 code [0x00007f3d247f4e20, 0x00007f3d247f4f18]
Event: 0,401 Thread 0x00007f3d280af800 nmethod 30 0x00007f3d247fe990 code [0x00007f3d247febe0, 0x00007f3d24800020]
Event: 1,813 Thread 0x00007f3d280b2800   39             java.lang.AbstractStringBuilder::ensureCapacityInternal (16 bytes)
Event: 1,816 Thread 0x00007f3d280b2800 nmethod 39 0x00007f3d247f4750 code [0x00007f3d247f48a0, 0x00007f3d247f4b58]

GC Heap History (0 events):
No events

Deoptimization events (4 events):
Event: 0,296 Thread 0x00007f3d2800e000 Uncommon trap: reason=class_check action=maybe_recompile pc=0x00007f3d247e7e88 method=java.util.Properties$LineReader.readLine()I @ 62
Event: 0,297 Thread 0x00007f3d2800e000 Uncommon trap: reason=class_check action=maybe_recompile pc=0x00007f3d247e7e88 method=java.util.Properties$LineReader.readLine()I @ 62
Event: 0,298 Thread 0x00007f3d2800e000 Uncommon trap: reason=class_check action=maybe_recompile pc=0x00007f3d247e7e88 method=java.util.Properties$LineReader.readLine()I @ 62
Event: 0,300 Thread 0x00007f3d2800e000 Uncommon trap: reason=class_check action=maybe_recompile pc=0x00007f3d247e7e88 method=java.util.Properties$LineReader.readLine()I @ 62

Internal exceptions (10 events):
Event: 0,390 Thread 0x00007f3d2800e000 Threw 0x00000007ad2fdc20 at /HUDSON/workspace/7u-2-build-linux-amd64/jdk7u79/2331/hotspot/src/share/vm/prims/jvm.cpp:1304
Event: 0,390 Thread 0x00007f3d2800e000 Threw 0x00000007ad3022e0 at /HUDSON/workspace/7u-2-build-linux-amd64/jdk7u79/2331/hotspot/src/share/vm/prims/jvm.cpp:1304
Event: 0,390 Thread 0x00007f3d2800e000 Threw 0x00000007ad306978 at /HUDSON/workspace/7u-2-build-linux-amd64/jdk7u79/2331/hotspot/src/share/vm/prims/jvm.cpp:1304
Event: 0,391 Thread 0x00007f3d2800e000 Threw 0x00000007ad30bd88 at /HUDSON/workspace/7u-2-build-linux-amd64/jdk7u79/2331/hotspot/src/share/vm/prims/jvm.cpp:1304
Event: 0,392 Thread 0x00007f3d2800e000 Threw 0x00000007ad313130 at /HUDSON/workspace/7u-2-build-linux-amd64/jdk7u79/2331/hotspot/src/share/vm/prims/jvm.cpp:1304
Event: 0,393 Thread 0x00007f3d2800e000 Threw 0x00000007ad316928 at /HUDSON/workspace/7u-2-build-linux-amd64/jdk7u79/2331/hotspot/src/share/vm/prims/jvm.cpp:1304
Event: 0,393 Thread 0x00007f3d2800e000 Threw 0x00000007ad31a958 at /HUDSON/workspace/7u-2-build-linux-amd64/jdk7u79/2331/hotspot/src/share/vm/prims/jvm.cpp:1304
Event: 1,807 Thread 0x00007f3d2800e000 Threw 0x00000007ad3264a8 at /HUDSON/workspace/7u-2-build-linux-amd64/jdk7u79/2331/hotspot/src/share/vm/prims/jvm.cpp:1304
Event: 1,807 Thread 0x00007f3d2800e000 Threw 0x00000007ad32b2d8 at /HUDSON/workspace/7u-2-build-linux-amd64/jdk7u79/2331/hotspot/src/share/vm/prims/jvm.cpp:1304
Event: 1,807 Thread 0x00007f3d2800e000 Threw 0x00000007ad32f930 at /HUDSON/workspace/7u-2-build-linux-amd64/jdk7u79/2331/hotspot/src/share/vm/prims/jvm.cpp:1304

Events (10 events):
Event: 1,818 Executing VM operation: ForceSafepoint
Event: 1,818 Executing VM operation: ForceSafepoint done
Event: 4,044 Executing VM operation: EnableBiasedLocking
Event: 4,044 Executing VM operation: EnableBiasedLocking done
Event: 182,175 Executing VM operation: ChangeBreakpoints
Event: 182,175 Executing VM operation: ChangeBreakpoints done
Event: 243,447 Executing VM operation: ChangeBreakpoints
Event: 243,447 Executing VM operation: ChangeBreakpoints done
Event: 297,711 Executing VM operation: RedefineClasses
Event: 297,711 Executing VM operation: RedefineClasses done


Dynamic libraries:
00400000-00401000 r-xp 00000000 fc:01 1448538                            /opt/jdk1.7.0_79/bin/java
00600000-00601000 rw-p 00000000 fc:01 1448538                            /opt/jdk1.7.0_79/bin/java
019a1000-019c2000 rw-p 00000000 00:00 0                                  [heap]
701000000-702500000 rw-p 00000000 00:00 0 
702500000-706200000 rw-p 00000000 00:00 0 
706200000-710880000 rw-p 00000000 00:00 0 
710880000-7acb00000 rw-p 00000000 00:00 0 
7acb00000-7b1e80000 rw-p 00000000 00:00 0 
7b1e80000-800000000 rw-p 00000000 00:00 0 
7f3cc8000000-7f3cc8021000 rw-p 00000000 00:00 0 
7f3cc8021000-7f3ccc000000 ---p 00000000 00:00 0 
7f3ccc000000-7f3ccc021000 rw-p 00000000 00:00 0 
7f3ccc021000-7f3cd0000000 ---p 00000000 00:00 0 
7f3cd0000000-7f3cd0279000 rw-p 00000000 00:00 0 
7f3cd0279000-7f3cd4000000 ---p 00000000 00:00 0 
7f3cd4000000-7f3cd41ec000 rw-p 00000000 00:00 0 
7f3cd41ec000-7f3cd8000000 ---p 00000000 00:00 0 
7f3cd8000000-7f3cd8021000 rw-p 00000000 00:00 0 
7f3cd8021000-7f3cdc000000 ---p 00000000 00:00 0 
7f3cdc000000-7f3cdc021000 rw-p 00000000 00:00 0 
7f3cdc021000-7f3ce0000000 ---p 00000000 00:00 0 
7f3ce0000000-7f3ce0021000 rw-p 00000000 00:00 0 
7f3ce0021000-7f3ce4000000 ---p 00000000 00:00 0 
7f3ce4000000-7f3ce4021000 rw-p 00000000 00:00 0 
7f3ce4021000-7f3ce8000000 ---p 00000000 00:00 0 
7f3ce8000000-7f3ce8021000 rw-p 00000000 00:00 0 
7f3ce8021000-7f3cec000000 ---p 00000000 00:00 0 
7f3cec000000-7f3cec021000 rw-p 00000000 00:00 0 
7f3cec021000-7f3cf0000000 ---p 00000000 00:00 0 
7f3cf0000000-7f3cf0021000 rw-p 00000000 00:00 0 
7f3cf0021000-7f3cf4000000 ---p 00000000 00:00 0 
7f3cf4080000-7f3cfc000000 rw-p 00000000 00:00 0 
7f3cfc000000-7f3cfc021000 rw-p 00000000 00:00 0 
7f3cfc021000-7f3d00000000 ---p 00000000 00:00 0 
7f3d00000000-7f3d00021000 rw-p 00000000 00:00 0 
7f3d00021000-7f3d04000000 ---p 00000000 00:00 0 
7f3d0732e000-7f3d07576000 rw-p 00000000 00:00 0 
7f3d07576000-7f3d0757b000 r-xp 00000000 fc:01 1835099                    /lib/x86_64-linux-gnu/libnss_dns-2.19.so
7f3d0757b000-7f3d0777a000 ---p 00005000 fc:01 1835099                    /lib/x86_64-linux-gnu/libnss_dns-2.19.so
7f3d0777a000-7f3d0777b000 r--p 00004000 fc:01 1835099                    /lib/x86_64-linux-gnu/libnss_dns-2.19.so
7f3d0777b000-7f3d0777c000 rw-p 00005000 fc:01 1835099                    /lib/x86_64-linux-gnu/libnss_dns-2.19.so
7f3d0777c000-7f3d0777e000 r-xp 00000000 fc:01 1839341                    /lib/x86_64-linux-gnu/libnss_mdns4_minimal.so.2
7f3d0777e000-7f3d0797d000 ---p 00002000 fc:01 1839341                    /lib/x86_64-linux-gnu/libnss_mdns4_minimal.so.2
7f3d0797d000-7f3d0797e000 r--p 00001000 fc:01 1839341                    /lib/x86_64-linux-gnu/libnss_mdns4_minimal.so.2
7f3d0797e000-7f3d0797f000 rw-p 00002000 fc:01 1839341                    /lib/x86_64-linux-gnu/libnss_mdns4_minimal.so.2
7f3d0799b000-7f3d079cc000 rw-p 00000000 00:00 0 
7f3d079cc000-7f3d079e2000 r-xp 00000000 fc:01 1447993                    /opt/jdk1.7.0_79/jre/lib/amd64/libnet.so
7f3d079e2000-7f3d07be2000 ---p 00016000 fc:01 1447993                    /opt/jdk1.7.0_79/jre/lib/amd64/libnet.so
7f3d07be2000-7f3d07be3000 rw-p 00016000 fc:01 1447993                    /opt/jdk1.7.0_79/jre/lib/amd64/libnet.so
7f3d07be3000-7f3d07be9000 r--s 00047000 fc:02 7342467                    /home/juan.portillo/.m2/repository/org/jsoup/jsoup/1.8.3/jsoup-1.8.3.jar
7f3d07be9000-7f3d07bfc000 r--s 000d6000 fc:01 1447890                    /opt/jdk1.7.0_79/jre/lib/plugin.jar
7f3d07bfc000-7f3d07bfd000 ---p 00000000 00:00 0 
7f3d07bfd000-7f3d07cfd000 rw-p 00000000 00:00 0                          [stack:17549]
7f3d07cfd000-7f3d07d00000 ---p 00000000 00:00 0 
7f3d07d00000-7f3d07dfe000 rw-p 00000000 00:00 0                          [stack:17548]
7f3d07dfe000-7f3d07e01000 ---p 00000000 00:00 0 
7f3d07e01000-7f3d07eff000 rw-p 00000000 00:00 0                          [stack:17547]
7f3d07eff000-7f3d07f02000 ---p 00000000 00:00 0 
7f3d07f02000-7f3d08000000 rw-p 00000000 00:00 0                          [stack:17546]
7f3d08000000-7f3d08021000 rw-p 00000000 00:00 0 
7f3d08021000-7f3d0c000000 ---p 00000000 00:00 0 
7f3d0c000000-7f3d0c021000 rw-p 00000000 00:00 0 
7f3d0c021000-7f3d10000000 ---p 00000000 00:00 0 
7f3d10000000-7f3d10021000 rw-p 00000000 00:00 0 
7f3d10021000-7f3d14000000 ---p 00000000 00:00 0 
7f3d14000000-7f3d14021000 rw-p 00000000 00:00 0 
7f3d14021000-7f3d18000000 ---p 00000000 00:00 0 
7f3d18000000-7f3d18021000 rw-p 00000000 00:00 0 
7f3d18021000-7f3d1c000000 ---p 00000000 00:00 0 
7f3d1c000000-7f3d1c021000 rw-p 00000000 00:00 0 
7f3d1c021000-7f3d20000000 ---p 00000000 00:00 0 
7f3d20000000-7f3d20001000 rw-p 00000000 00:00 0 
7f3d20001000-7f3d2000b000 r--s 00253000 fc:01 1447899                    /opt/jdk1.7.0_79/jre/lib/resources.jar
7f3d2000b000-7f3d2000f000 r--s 0008b000 fc:01 1447916                    /opt/jdk1.7.0_79/jre/lib/jsse.jar
7f3d2000f000-7f3d20018000 r--s 00068000 fc:01 1447943                    /opt/jdk1.7.0_79/jre/lib/javaws.jar
7f3d20018000-7f3d200a7000 r--s 00de4000 fc:01 1447907                    /opt/jdk1.7.0_79/jre/lib/jfxrt.jar
7f3d200a7000-7f3d200aa000 ---p 00000000 00:00 0 
7f3d200aa000-7f3d201a8000 rw-p 00000000 00:00 0                          [stack:17539]
7f3d201a8000-7f3d201ab000 ---p 00000000 00:00 0 
7f3d201ab000-7f3d202a9000 rw-p 00000000 00:00 0                          [stack:17538]
7f3d202a9000-7f3d202ac000 ---p 00000000 00:00 0 
7f3d202ac000-7f3d203aa000 rw-p 00000000 00:00 0                          [stack:17536]
7f3d203aa000-7f3d203b5000 r-xp 00000000 fc:01 1839133                    /lib/x86_64-linux-gnu/libnss_files-2.19.so
7f3d203b5000-7f3d205b4000 ---p 0000b000 fc:01 1839133                    /lib/x86_64-linux-gnu/libnss_files-2.19.so
7f3d205b4000-7f3d205b5000 r--p 0000a000 fc:01 1839133                    /lib/x86_64-linux-gnu/libnss_files-2.19.so
7f3d205b5000-7f3d205b6000 rw-p 0000b000 fc:01 1839133                    /lib/x86_64-linux-gnu/libnss_files-2.19.so
7f3d205b6000-7f3d205ba000 r-xp 00000000 fc:01 1448001                    /opt/jdk1.7.0_79/jre/lib/amd64/libdt_socket.so
7f3d205ba000-7f3d207b9000 ---p 00004000 fc:01 1448001                    /opt/jdk1.7.0_79/jre/lib/amd64/libdt_socket.so
7f3d207b9000-7f3d207ba000 rw-p 00003000 fc:01 1448001                    /opt/jdk1.7.0_79/jre/lib/amd64/libdt_socket.so
7f3d207ba000-7f3d207bd000 ---p 00000000 00:00 0 
7f3d207bd000-7f3d208bb000 rw-p 00000000 00:00 0                          [stack:17535]
7f3d208bb000-7f3d208be000 ---p 00000000 00:00 0 
7f3d208be000-7f3d209bc000 rw-p 00000000 00:00 0                          [stack:17531]
7f3d209bc000-7f3d209bf000 ---p 00000000 00:00 0 
7f3d209bf000-7f3d20abd000 rw-p 00000000 00:00 0                          [stack:17530]
7f3d20abd000-7f3d20abe000 ---p 00000000 00:00 0 
7f3d20abe000-7f3d2284d000 rw-p 00000000 00:00 0                          [stack:17529]
7f3d2284d000-7f3d22a0d000 r--s 039f7000 fc:01 1447921                    /opt/jdk1.7.0_79/jre/lib/rt.jar
7f3d22a0d000-7f3d2334e000 rw-p 00000000 00:00 0 
7f3d2334e000-7f3d2334f000 ---p 00000000 00:00 0 
7f3d2334f000-7f3d2344f000 rw-p 00000000 00:00 0                          [stack:17520]
7f3d2344f000-7f3d23450000 ---p 00000000 00:00 0 
7f3d23450000-7f3d23550000 rw-p 00000000 00:00 0                          [stack:17519]
7f3d23550000-7f3d23551000 ---p 00000000 00:00 0 
7f3d23551000-7f3d23651000 rw-p 00000000 00:00 0                          [stack:17518]
7f3d23651000-7f3d23652000 ---p 00000000 00:00 0 
7f3d23652000-7f3d23752000 rw-p 00000000 00:00 0                          [stack:17517]
7f3d23752000-7f3d23753000 ---p 00000000 00:00 0 
7f3d23753000-7f3d23853000 rw-p 00000000 00:00 0                          [stack:17516]
7f3d23853000-7f3d23854000 ---p 00000000 00:00 0 
7f3d23854000-7f3d23954000 rw-p 00000000 00:00 0                          [stack:17515]
7f3d23954000-7f3d23955000 ---p 00000000 00:00 0 
7f3d23955000-7f3d23aa9000 rw-p 00000000 00:00 0                          [stack:17514]
7f3d23aa9000-7f3d23f8a000 rw-p 00000000 00:00 0 
7f3d23f8a000-7f3d23f95000 rw-p 00000000 00:00 0 
7f3d23f95000-7f3d23fb3000 rw-p 00000000 00:00 0 
7f3d23fb3000-7f3d24007000 rw-p 00000000 00:00 0 
7f3d24007000-7f3d244e7000 rw-p 00000000 00:00 0 
7f3d244e7000-7f3d24512000 rw-p 00000000 00:00 0 
7f3d24512000-7f3d24782000 rw-p 00000000 00:00 0 
7f3d24782000-7f3d24783000 rw-p 00000000 00:00 0 
7f3d24783000-7f3d249f3000 rwxp 00000000 00:00 0 
7f3d249f3000-7f3d27783000 rw-p 00000000 00:00 0 
7f3d27783000-7f3d2779d000 r-xp 00000000 fc:01 1447988                    /opt/jdk1.7.0_79/jre/lib/amd64/libzip.so
7f3d2779d000-7f3d2799d000 ---p 0001a000 fc:01 1447988                    /opt/jdk1.7.0_79/jre/lib/amd64/libzip.so
7f3d2799d000-7f3d2799e000 rw-p 0001a000 fc:01 1447988                    /opt/jdk1.7.0_79/jre/lib/amd64/libzip.so
7f3d2799e000-7f3d279b5000 r-xp 00000000 fc:01 1835105                    /lib/x86_64-linux-gnu/libnsl-2.19.so
7f3d279b5000-7f3d27bb4000 ---p 00017000 fc:01 1835105                    /lib/x86_64-linux-gnu/libnsl-2.19.so
7f3d27bb4000-7f3d27bb5000 r--p 00016000 fc:01 1835105                    /lib/x86_64-linux-gnu/libnsl-2.19.so
7f3d27bb5000-7f3d27bb6000 rw-p 00017000 fc:01 1835105                    /lib/x86_64-linux-gnu/libnsl-2.19.so
7f3d27bb6000-7f3d27bb8000 rw-p 00000000 00:00 0 
7f3d27bb8000-7f3d27bcf000 r-xp 00000000 fc:01 1835109                    /lib/x86_64-linux-gnu/libresolv-2.19.so
7f3d27bcf000-7f3d27dcf000 ---p 00017000 fc:01 1835109                    /lib/x86_64-linux-gnu/libresolv-2.19.so
7f3d27dcf000-7f3d27dd0000 r--p 00017000 fc:01 1835109                    /lib/x86_64-linux-gnu/libresolv-2.19.so
7f3d27dd0000-7f3d27dd1000 rw-p 00018000 fc:01 1835109                    /lib/x86_64-linux-gnu/libresolv-2.19.so
7f3d27dd1000-7f3d27dd3000 rw-p 00000000 00:00 0 
7f3d27dd3000-7f3d27dfe000 r-xp 00000000 fc:01 1835267                    /lib/libnss_centrifydc.so.2
7f3d27dfe000-7f3d27ffe000 ---p 0002b000 fc:01 1835267                    /lib/libnss_centrifydc.so.2
7f3d27ffe000-7f3d28000000 rw-p 0002b000 fc:01 1835267                    /lib/libnss_centrifydc.so.2
7f3d28000000-7f3d28204000 rw-p 00000000 00:00 0 
7f3d28204000-7f3d2c000000 ---p 00000000 00:00 0 
7f3d2c000000-7f3d2c001000 ---p 00000000 00:00 0 
7f3d2c001000-7f3d2c10c000 rw-p 00000000 00:00 0                          [stack:17513]
7f3d2c10c000-7f3d2c12a000 rw-p 00000000 00:00 0 
7f3d2c12a000-7f3d2c80c000 r--p 00000000 fc:01 139282                     /usr/lib/locale/locale-archive
7f3d2c80c000-7f3d2c80e000 r-xp 00000000 fc:01 1448002                    /opt/jdk1.7.0_79/jre/lib/amd64/libnpt.so
7f3d2c80e000-7f3d2ca0e000 ---p 00002000 fc:01 1448002                    /opt/jdk1.7.0_79/jre/lib/amd64/libnpt.so
7f3d2ca0e000-7f3d2ca0f000 rw-p 00002000 fc:01 1448002                    /opt/jdk1.7.0_79/jre/lib/amd64/libnpt.so
7f3d2ca0f000-7f3d2ca48000 r-xp 00000000 fc:01 1447963                    /opt/jdk1.7.0_79/jre/lib/amd64/libjdwp.so
7f3d2ca48000-7f3d2cc48000 ---p 00039000 fc:01 1447963                    /opt/jdk1.7.0_79/jre/lib/amd64/libjdwp.so
7f3d2cc48000-7f3d2cc49000 rw-p 00039000 fc:01 1447963                    /opt/jdk1.7.0_79/jre/lib/amd64/libjdwp.so
7f3d2cc49000-7f3d2cc4a000 rw-p 00000000 00:00 0 
7f3d2cc4a000-7f3d2cc73000 r-xp 00000000 fc:01 1447956                    /opt/jdk1.7.0_79/jre/lib/amd64/libjava.so
7f3d2cc73000-7f3d2ce73000 ---p 00029000 fc:01 1447956                    /opt/jdk1.7.0_79/jre/lib/amd64/libjava.so
7f3d2ce73000-7f3d2ce75000 rw-p 00029000 fc:01 1447956                    /opt/jdk1.7.0_79/jre/lib/amd64/libjava.so
7f3d2ce75000-7f3d2ce82000 r-xp 00000000 fc:01 1447981                    /opt/jdk1.7.0_79/jre/lib/amd64/libverify.so
7f3d2ce82000-7f3d2d081000 ---p 0000d000 fc:01 1447981                    /opt/jdk1.7.0_79/jre/lib/amd64/libverify.so
7f3d2d081000-7f3d2d083000 rw-p 0000c000 fc:01 1447981                    /opt/jdk1.7.0_79/jre/lib/amd64/libverify.so
7f3d2d083000-7f3d2d08a000 r-xp 00000000 fc:01 1835039                    /lib/x86_64-linux-gnu/librt-2.19.so
7f3d2d08a000-7f3d2d289000 ---p 00007000 fc:01 1835039                    /lib/x86_64-linux-gnu/librt-2.19.so
7f3d2d289000-7f3d2d28a000 r--p 00006000 fc:01 1835039                    /lib/x86_64-linux-gnu/librt-2.19.so
7f3d2d28a000-7f3d2d28b000 rw-p 00007000 fc:01 1835039                    /lib/x86_64-linux-gnu/librt-2.19.so
7f3d2d28b000-7f3d2d390000 r-xp 00000000 fc:01 1835104                    /lib/x86_64-linux-gnu/libm-2.19.so
7f3d2d390000-7f3d2d58f000 ---p 00105000 fc:01 1835104                    /lib/x86_64-linux-gnu/libm-2.19.so
7f3d2d58f000-7f3d2d590000 r--p 00104000 fc:01 1835104                    /lib/x86_64-linux-gnu/libm-2.19.so
7f3d2d590000-7f3d2d591000 rw-p 00105000 fc:01 1835104                    /lib/x86_64-linux-gnu/libm-2.19.so
7f3d2d591000-7f3d2e106000 r-xp 00000000 fc:01 1448013                    /opt/jdk1.7.0_79/jre/lib/amd64/server/libjvm.so
7f3d2e106000-7f3d2e306000 ---p 00b75000 fc:01 1448013                    /opt/jdk1.7.0_79/jre/lib/amd64/server/libjvm.so
7f3d2e306000-7f3d2e3ca000 rw-p 00b75000 fc:01 1448013                    /opt/jdk1.7.0_79/jre/lib/amd64/server/libjvm.so
7f3d2e3ca000-7f3d2e40b000 rw-p 00000000 00:00 0 
7f3d2e40b000-7f3d2e5c6000 r-xp 00000000 fc:01 1835038                    /lib/x86_64-linux-gnu/libc-2.19.so
7f3d2e5c6000-7f3d2e7c6000 ---p 001bb000 fc:01 1835038                    /lib/x86_64-linux-gnu/libc-2.19.so
7f3d2e7c6000-7f3d2e7ca000 r--p 001bb000 fc:01 1835038                    /lib/x86_64-linux-gnu/libc-2.19.so
7f3d2e7ca000-7f3d2e7cc000 rw-p 001bf000 fc:01 1835038                    /lib/x86_64-linux-gnu/libc-2.19.so
7f3d2e7cc000-7f3d2e7d1000 rw-p 00000000 00:00 0 
7f3d2e7d1000-7f3d2e7d4000 r-xp 00000000 fc:01 1835100                    /lib/x86_64-linux-gnu/libdl-2.19.so
7f3d2e7d4000-7f3d2e9d3000 ---p 00003000 fc:01 1835100                    /lib/x86_64-linux-gnu/libdl-2.19.so
7f3d2e9d3000-7f3d2e9d4000 r--p 00002000 fc:01 1835100                    /lib/x86_64-linux-gnu/libdl-2.19.so
7f3d2e9d4000-7f3d2e9d5000 rw-p 00003000 fc:01 1835100                    /lib/x86_64-linux-gnu/libdl-2.19.so
7f3d2e9d5000-7f3d2e9eb000 r-xp 00000000 fc:01 1573000                    /opt/jdk1.7.0_79/lib/amd64/jli/libjli.so
7f3d2e9eb000-7f3d2ebeb000 ---p 00016000 fc:01 1573000                    /opt/jdk1.7.0_79/lib/amd64/jli/libjli.so
7f3d2ebeb000-7f3d2ebec000 rw-p 00016000 fc:01 1573000                    /opt/jdk1.7.0_79/lib/amd64/jli/libjli.so
7f3d2ebec000-7f3d2ec05000 r-xp 00000000 fc:01 1835113                    /lib/x86_64-linux-gnu/libpthread-2.19.so
7f3d2ec05000-7f3d2ee04000 ---p 00019000 fc:01 1835113                    /lib/x86_64-linux-gnu/libpthread-2.19.so
7f3d2ee04000-7f3d2ee05000 r--p 00018000 fc:01 1835113                    /lib/x86_64-linux-gnu/libpthread-2.19.so
7f3d2ee05000-7f3d2ee06000 rw-p 00019000 fc:01 1835113                    /lib/x86_64-linux-gnu/libpthread-2.19.so
7f3d2ee06000-7f3d2ee0a000 rw-p 00000000 00:00 0 
7f3d2ee0a000-7f3d2ee2d000 r-xp 00000000 fc:01 1835028                    /lib/x86_64-linux-gnu/ld-2.19.so
7f3d2ee2d000-7f3d2ee30000 r--s 00019000 fc:01 1447909                    /opt/jdk1.7.0_79/jre/lib/jce.jar
7f3d2ee30000-7f3d2ee49000 r--s 001e7000 fc:01 1447912                    /opt/jdk1.7.0_79/jre/lib/deploy.jar
7f3d2ee49000-7f3d2ee53000 rw-p 00000000 00:00 0 
7f3d2ee53000-7f3d2ef09000 rw-p 00000000 00:00 0 
7f3d2ef09000-7f3d2ef0c000 ---p 00000000 00:00 0 
7f3d2ef0c000-7f3d2f00f000 rw-p 00000000 00:00 0                          [stack:17509]
7f3d2f00f000-7f3d2f010000 r--s 00000000 fc:01 1447920                    /opt/jdk1.7.0_79/jre/lib/management-agent.jar
7f3d2f010000-7f3d2f01b000 r--s 0037c000 fc:01 1447942                    /opt/jdk1.7.0_79/jre/lib/charsets.jar
7f3d2f01b000-7f3d2f020000 r--s 0007d000 fc:01 1447918                    /opt/jdk1.7.0_79/jre/lib/jfr.jar
7f3d2f020000-7f3d2f028000 rw-s 00000000 fc:01 1320541                    /tmp/hsperfdata_juan.portillo/17508
7f3d2f028000-7f3d2f029000 rw-p 00000000 00:00 0 
7f3d2f029000-7f3d2f02a000 r--p 00000000 00:00 0 
7f3d2f02a000-7f3d2f02c000 rw-p 00000000 00:00 0 
7f3d2f02c000-7f3d2f02d000 r--p 00022000 fc:01 1835028                    /lib/x86_64-linux-gnu/ld-2.19.so
7f3d2f02d000-7f3d2f02e000 rw-p 00023000 fc:01 1835028                    /lib/x86_64-linux-gnu/ld-2.19.so
7f3d2f02e000-7f3d2f02f000 rw-p 00000000 00:00 0 
7fffd8b6b000-7fffd8b8d000 rw-p 00000000 00:00 0                          [stack]
7fffd8bfe000-7fffd8c00000 r-xp 00000000 00:00 0                          [vdso]
ffffffffff600000-ffffffffff601000 r-xp 00000000 00:00 0                  [vsyscall]

VM Arguments:
jvm_args: -agentlib:jdwp=transport=dt_socket,address=127.0.0.1:39644,suspend=y,server=n -Dfile.encoding=UTF-8 
java_command: MainCrawler
Launcher Type: SUN_STANDARD

Environment Variables:
JAVA_HOME=/opt/jdk1.7.0_79
PATH=/usr/share/centrifydc/bin:/usr/local/sbin:/usr/local/bin:/usr/sbin:/usr/bin:/sbin:/bin:/usr/games:/usr/local/games:/opt/apache-maven-3.3.3/bin:/opt/jdk1.7.0_79/bin
LD_LIBRARY_PATH=idea-IC-141.1010.3/bin:
SHELL=/bin/bash
DISPLAY=:0

Signal Handlers:
SIGSEGV: [libjvm.so+0x9a3bf0], sa_mask[0]=0x7ffbfeff, sa_flags=0x10000004
SIGBUS: [libjvm.so+0x9a3bf0], sa_mask[0]=0x7ffbfeff, sa_flags=0x10000004
SIGFPE: [libjvm.so+0x81cb60], sa_mask[0]=0x7ffbfeff, sa_flags=0x10000004
SIGPIPE: [libjvm.so+0x81cb60], sa_mask[0]=0x7ffbfeff, sa_flags=0x10000004
SIGXFSZ: [libjvm.so+0x81cb60], sa_mask[0]=0x7ffbfeff, sa_flags=0x10000004
SIGILL: [libjvm.so+0x81cb60], sa_mask[0]=0x7ffbfeff, sa_flags=0x10000004
SIGUSR1: SIG_DFL, sa_mask[0]=0x00000000, sa_flags=0x00000000
SIGUSR2: [libjvm.so+0x81e360], sa_mask[0]=0x00000004, sa_flags=0x10000004
SIGHUP: [libjvm.so+0x81f480], sa_mask[0]=0x7ffbfeff, sa_flags=0x10000004
SIGINT: [libjvm.so+0x81f480], sa_mask[0]=0x7ffbfeff, sa_flags=0x10000004
SIGTERM: [libjvm.so+0x81f480], sa_mask[0]=0x7ffbfeff, sa_flags=0x10000004
SIGQUIT: [libjvm.so+0x81f480], sa_mask[0]=0x7ffbfeff, sa_flags=0x10000004


---------------  S Y S T E M  ---------------

OS:jessie/sid

uname:Linux 3.13.0-32-generic #57-Ubuntu SMP Tue Jul 15 03:51:08 UTC 2014 x86_64
libc:glibc 2.19 NPTL 2.19 
rlimit: STACK 8192k, CORE 0k, NPROC 127691, NOFILE 4096, AS infinity
load average:1,27 1,28 1,40

/proc/meminfo:
MemTotal:       16375104 kB
MemFree:         4651972 kB
Buffers:          295400 kB
Cached:          2877716 kB
SwapCached:       168764 kB
Active:          8630056 kB
Inactive:        2196200 kB
Active(anon):    7035752 kB
Inactive(anon):  1106456 kB
Active(file):    1594304 kB
Inactive(file):  1089744 kB
Unevictable:         128 kB
Mlocked:             128 kB
SwapTotal:       4194300 kB
SwapFree:        3706668 kB
Dirty:              1724 kB
Writeback:             0 kB
AnonPages:       7513008 kB
Mapped:           645760 kB
Shmem:            489068 kB
Slab:             458884 kB
SReclaimable:     254596 kB
SUnreclaim:       204288 kB
KernelStack:        8248 kB
PageTables:        82104 kB
NFS_Unstable:          0 kB
Bounce:                0 kB
WritebackTmp:          0 kB
CommitLimit:    12381852 kB
Committed_AS:   39400924 kB
VmallocTotal:   34359738367 kB
VmallocUsed:      113600 kB
VmallocChunk:   34359494720 kB
HardwareCorrupted:     0 kB
AnonHugePages:   3244032 kB
HugePages_Total:       0
HugePages_Free:        0
HugePages_Rsvd:        0
HugePages_Surp:        0
Hugepagesize:       2048 kB
DirectMap4k:      131708 kB
DirectMap2M:     9246720 kB
DirectMap1G:     7340032 kB


CPU:total 8 (4 cores per cpu, 2 threads per core) family 6 model 60 stepping 3, cmov, cx8, fxsr, mmx, sse, sse2, sse3, ssse3, sse4.1, sse4.2, popcnt, avx, avx2, aes, erms, ht, tsc, tscinvbit

/proc/cpuinfo:
processor	: 0
vendor_id	: GenuineIntel
cpu family	: 6
model		: 60
model name	: Intel(R) Core(TM) i7-4770 CPU @ 3.40GHz
stepping	: 3
microcode	: 0x17
cpu MHz		: 800.000
cache size	: 8192 KB
physical id	: 0
siblings	: 8
core id		: 0
cpu cores	: 4
apicid		: 0
initial apicid	: 0
fpu		: yes
fpu_exception	: yes
cpuid level	: 13
wp		: yes
flags		: fpu vme de pse tsc msr pae mce cx8 apic sep mtrr pge mca cmov pat pse36 clflush dts acpi mmx fxsr sse sse2 ss ht tm pbe syscall nx pdpe1gb rdtscp lm constant_tsc arch_perfmon pebs bts rep_good nopl xtopology nonstop_tsc aperfmperf eagerfpu pni pclmulqdq dtes64 monitor ds_cpl vmx smx est tm2 ssse3 fma cx16 xtpr pdcm pcid sse4_1 sse4_2 x2apic movbe popcnt tsc_deadline_timer aes xsave avx f16c rdrand lahf_lm abm ida arat epb xsaveopt pln pts dtherm tpr_shadow vnmi flexpriority ept vpid fsgsbase tsc_adjust bmi1 hle avx2 smep bmi2 erms invpcid rtm
bogomips	: 6784.32
clflush size	: 64
cache_alignment	: 64
address sizes	: 39 bits physical, 48 bits virtual
power management:

processor	: 1
vendor_id	: GenuineIntel
cpu family	: 6
model		: 60
model name	: Intel(R) Core(TM) i7-4770 CPU @ 3.40GHz
stepping	: 3
microcode	: 0x17
cpu MHz		: 3401.000
cache size	: 8192 KB
physical id	: 0
siblings	: 8
core id		: 1
cpu cores	: 4
apicid		: 2
initial apicid	: 2
fpu		: yes
fpu_exception	: yes
cpuid level	: 13
wp		: yes
flags		: fpu vme de pse tsc msr pae mce cx8 apic sep mtrr pge mca cmov pat pse36 clflush dts acpi mmx fxsr sse sse2 ss ht tm pbe syscall nx pdpe1gb rdtscp lm constant_tsc arch_perfmon pebs bts rep_good nopl xtopology nonstop_tsc aperfmperf eagerfpu pni pclmulqdq dtes64 monitor ds_cpl vmx smx est tm2 ssse3 fma cx16 xtpr pdcm pcid sse4_1 sse4_2 x2apic movbe popcnt tsc_deadline_timer aes xsave avx f16c rdrand lahf_lm abm ida arat epb xsaveopt pln pts dtherm tpr_shadow vnmi flexpriority ept vpid fsgsbase tsc_adjust bmi1 hle avx2 smep bmi2 erms invpcid rtm
bogomips	: 6784.32
clflush size	: 64
cache_alignment	: 64
address sizes	: 39 bits physical, 48 bits virtual
power management:

processor	: 2
vendor_id	: GenuineIntel
cpu family	: 6
model		: 60
model name	: Intel(R) Core(TM) i7-4770 CPU @ 3.40GHz
stepping	: 3
microcode	: 0x17
cpu MHz		: 2700.000
cache size	: 8192 KB
physical id	: 0
siblings	: 8
core id		: 2
cpu cores	: 4
apicid		: 4
initial apicid	: 4
fpu		: yes
fpu_exception	: yes
cpuid level	: 13
wp		: yes
flags		: fpu vme de pse tsc msr pae mce cx8 apic sep mtrr pge mca cmov pat pse36 clflush dts acpi mmx fxsr sse sse2 ss ht tm pbe syscall nx pdpe1gb rdtscp lm constant_tsc arch_perfmon pebs bts rep_good nopl xtopology nonstop_tsc aperfmperf eagerfpu pni pclmulqdq dtes64 monitor ds_cpl vmx smx est tm2 ssse3 fma cx16 xtpr pdcm pcid sse4_1 sse4_2 x2apic movbe popcnt tsc_deadline_timer aes xsave avx f16c rdrand lahf_lm abm ida arat epb xsaveopt pln pts dtherm tpr_shadow vnmi flexpriority ept vpid fsgsbase tsc_adjust bmi1 hle avx2 smep bmi2 erms invpcid rtm
bogomips	: 6784.32
clflush size	: 64
cache_alignment	: 64
address sizes	: 39 bits physical, 48 bits virtual
power management:

processor	: 3
vendor_id	: GenuineIntel
cpu family	: 6
model		: 60
model name	: Intel(R) Core(TM) i7-4770 CPU @ 3.40GHz
stepping	: 3
microcode	: 0x17
cpu MHz		: 3401.000
cache size	: 8192 KB
physical id	: 0
siblings	: 8
core id		: 3
cpu cores	: 4
apicid		: 6
initial apicid	: 6
fpu		: yes
fpu_exception	: yes
cpuid level	: 13
wp		: yes
flags		: fpu vme de pse tsc msr pae mce cx8 apic sep mtrr pge mca cmov pat pse36 clflush dts acpi mmx fxsr sse sse2 ss ht tm pbe syscall nx pdpe1gb rdtscp lm constant_tsc arch_perfmon pebs bts rep_good nopl xtopology nonstop_tsc aperfmperf eagerfpu pni pclmulqdq dtes64 monitor ds_cpl vmx smx est tm2 ssse3 fma cx16 xtpr pdcm pcid sse4_1 sse4_2 x2apic movbe popcnt tsc_deadline_timer aes xsave avx f16c rdrand lahf_lm abm ida arat epb xsaveopt pln pts dtherm tpr_shadow vnmi flexpriority ept vpid fsgsbase tsc_adjust bmi1 hle avx2 smep bmi2 erms invpcid rtm
bogomips	: 6784.32
clflush size	: 64
cache_alignment	: 64
address sizes	: 39 bits physical, 48 bits virtual
power management:

processor	: 4
vendor_id	: GenuineIntel
cpu family	: 6
model		: 60
model name	: Intel(R) Core(TM) i7-4770 CPU @ 3.40GHz
stepping	: 3
microcode	: 0x17
cpu MHz		: 1700.000
cache size	: 8192 KB
physical id	: 0
siblings	: 8
core id		: 0
cpu cores	: 4
apicid		: 1
initial apicid	: 1
fpu		: yes
fpu_exception	: yes
cpuid level	: 13
wp		: yes
flags		: fpu vme de pse tsc msr pae mce cx8 apic sep mtrr pge mca cmov pat pse36 clflush dts acpi mmx fxsr sse sse2 ss ht tm pbe syscall nx pdpe1gb rdtscp lm constant_tsc arch_perfmon pebs bts rep_good nopl xtopology nonstop_tsc aperfmperf eagerfpu pni pclmulqdq dtes64 monitor ds_cpl vmx smx est tm2 ssse3 fma cx16 xtpr pdcm pcid sse4_1 sse4_2 x2apic movbe popcnt tsc_deadline_timer aes xsave avx f16c rdrand lahf_lm abm ida arat epb xsaveopt pln pts dtherm tpr_shadow vnmi flexpriority ept vpid fsgsbase tsc_adjust bmi1 hle avx2 smep bmi2 erms invpcid rtm
bogomips	: 6784.32
clflush size	: 64
cache_alignment	: 64
address sizes	: 39 bits physical, 48 bits virtual
power management:

processor	: 5
vendor_id	: GenuineIntel
cpu family	: 6
model		: 60
model name	: Intel(R) Core(TM) i7-4770 CPU @ 3.40GHz
stepping	: 3
microcode	: 0x17
cpu MHz		: 800.000
cache size	: 8192 KB
physical id	: 0
siblings	: 8
core id		: 1
cpu cores	: 4
apicid		: 3
initial apicid	: 3
fpu		: yes
fpu_exception	: yes
cpuid level	: 13
wp		: yes
flags		: fpu vme de pse tsc msr pae mce cx8 apic sep mtrr pge mca cmov pat pse36 clflush dts acpi mmx fxsr sse sse2 ss ht tm pbe syscall nx pdpe1gb rdtscp lm constant_tsc arch_perfmon pebs bts rep_good nopl xtopology nonstop_tsc aperfmperf eagerfpu pni pclmulqdq dtes64 monitor ds_cpl vmx smx est tm2 ssse3 fma cx16 xtpr pdcm pcid sse4_1 sse4_2 x2apic movbe popcnt tsc_deadline_timer aes xsave avx f16c rdrand lahf_lm abm ida arat epb xsaveopt pln pts dtherm tpr_shadow vnmi flexpriority ept vpid fsgsbase tsc_adjust bmi1 hle avx2 smep bmi2 erms invpcid rtm
bogomips	: 6784.32
clflush size	: 64
cache_alignment	: 64
address sizes	: 39 bits physical, 48 bits virtual
power management:

processor	: 6
vendor_id	: GenuineIntel
cpu family	: 6
model		: 60
model name	: Intel(R) Core(TM) i7-4770 CPU @ 3.40GHz
stepping	: 3
microcode	: 0x17
cpu MHz		: 1700.000
cache size	: 8192 KB
physical id	: 0
siblings	: 8
core id		: 2
cpu cores	: 4
apicid		: 5
initial apicid	: 5
fpu		: yes
fpu_exception	: yes
cpuid level	: 13
wp		: yes
flags		: fpu vme de pse tsc msr pae mce cx8 apic sep mtrr pge mca cmov pat pse36 clflush dts acpi mmx fxsr sse sse2 ss ht tm pbe syscall nx pdpe1gb rdtscp lm constant_tsc arch_perfmon pebs bts rep_good nopl xtopology nonstop_tsc aperfmperf eagerfpu pni pclmulqdq dtes64 monitor ds_cpl vmx smx est tm2 ssse3 fma cx16 xtpr pdcm pcid sse4_1 sse4_2 x2apic movbe popcnt tsc_deadline_timer aes xsave avx f16c rdrand lahf_lm abm ida arat epb xsaveopt pln pts dtherm tpr_shadow vnmi flexpriority ept vpid fsgsbase tsc_adjust bmi1 hle avx2 smep bmi2 erms invpcid rtm
bogomips	: 6784.32
clflush size	: 64
cache_alignment	: 64
address sizes	: 39 bits physical, 48 bits virtual
power management:

processor	: 7
vendor_id	: GenuineIntel
cpu family	: 6
model		: 60
model name	: Intel(R) Core(TM) i7-4770 CPU @ 3.40GHz
stepping	: 3
microcode	: 0x17
cpu MHz		: 800.000
cache size	: 8192 KB
physical id	: 0
siblings	: 8
core id		: 3
cpu cores	: 4
apicid		: 7
initial apicid	: 7
fpu		: yes
fpu_exception	: yes
cpuid level	: 13
wp		: yes
flags		: fpu vme de pse tsc msr pae mce cx8 apic sep mtrr pge mca cmov pat pse36 clflush dts acpi mmx fxsr sse sse2 ss ht tm pbe syscall nx pdpe1gb rdtscp lm constant_tsc arch_perfmon pebs bts rep_good nopl xtopology nonstop_tsc aperfmperf eagerfpu pni pclmulqdq dtes64 monitor ds_cpl vmx smx est tm2 ssse3 fma cx16 xtpr pdcm pcid sse4_1 sse4_2 x2apic movbe popcnt tsc_deadline_timer aes xsave avx f16c rdrand lahf_lm abm ida arat epb xsaveopt pln pts dtherm tpr_shadow vnmi flexpriority ept vpid fsgsbase tsc_adjust bmi1 hle avx2 smep bmi2 erms invpcid rtm
bogomips	: 6784.32
clflush size	: 64
cache_alignment	: 64
address sizes	: 39 bits physical, 48 bits virtual
power management:



Memory: 4k page, physical 16375104k(4651972k free), swap 4194300k(3706668k free)

vm_info: Java HotSpot(TM) 64-Bit Server VM (24.79-b02) for linux-amd64 JRE (1.7.0_79-b15), built on Apr 10 2015 11:34:48 by "java_re" with gcc 4.3.0 20080428 (Red Hat 4.3.0-8)

time: Wed Mar 16 11:59:07 2016
elapsed time: 297 seconds

